2024-11-19 19:33:26.306 [info] Extension host with pid 518 started
2024-11-19 19:33:26.306 [error] Error: EEXIST: file already exists, open '/workspace/.vscode-remote/data/User/workspaceStorage/35e6fded/vscode.lock'
2024-11-19 19:33:26.310 [info] Lock '/workspace/.vscode-remote/data/User/workspaceStorage/35e6fded/vscode.lock': Could not acquire lock, checking if the file is stale.
2024-11-19 19:33:26.311 [info] Lock '/workspace/.vscode-remote/data/User/workspaceStorage/35e6fded/vscode.lock': The lock looks stale, waiting for 2s.
2024-11-19 19:33:26.552 [info] ExtensionService#_doActivateExtension vscode.emmet, startup: false, activationEvent: 'onLanguage'
2024-11-19 19:33:26.553 [info] ExtensionService#_doActivateExtension vscode.typescript-language-features, startup: false, activationEvent: 'onLanguage:javascript'
2024-11-19 19:33:27.091 [info] ExtensionService#_doActivateExtension gitpod.gitpod-web, startup: false, activationEvent: 'onAuthenticationRequest:gitpod'
2024-11-19 19:33:27.554 [info] ExtensionService#_doActivateExtension vscode.git-base, startup: true, activationEvent: '*', root cause: vscode.git
2024-11-19 19:33:27.557 [info] ExtensionService#_doActivateExtension vscode.npm, startup: true, activationEvent: 'workspaceContains:package.json'
2024-11-19 19:33:28.312 [info] Lock '/workspace/.vscode-remote/data/User/workspaceStorage/35e6fded/vscode.lock': The lock looks stale even after waiting for 2s.
2024-11-19 19:33:28.312 [info] Lock '/workspace/.vscode-remote/data/User/workspaceStorage/35e6fded/vscode.lock': Deleting a stale lock.
2024-11-19 19:33:28.314 [info] Lock '/workspace/.vscode-remote/data/User/workspaceStorage/35e6fded/vscode.lock': Lock acquired.
2024-11-19 19:33:28.479 [info] ExtensionService#_doActivateExtension vscode.git, startup: true, activationEvent: '*'
2024-11-19 19:33:28.479 [info] ExtensionService#_doActivateExtension vscode.github, startup: true, activationEvent: '*'
2024-11-19 19:33:28.822 [info] Eager extensions activated
2024-11-19 19:33:28.822 [info] ExtensionService#_doActivateExtension vscode.debug-auto-launch, startup: false, activationEvent: 'onStartupFinished'
2024-11-19 19:33:28.822 [info] ExtensionService#_doActivateExtension vscode.merge-conflict, startup: false, activationEvent: 'onStartupFinished'
2024-11-19 19:33:28.823 [info] ExtensionService#_doActivateExtension vscode.github-authentication, startup: false, activationEvent: 'onStartupFinished', root cause: GitHub.vscode-pull-request-github
2024-11-19 19:33:29.799 [info] ExtensionService#_doActivateExtension GitHub.vscode-pull-request-github, startup: false, activationEvent: 'onStartupFinished'
2024-11-19 19:33:30.012 [info] ExtensionService#_doActivateExtension vscode.simple-browser, startup: false, activationEvent: 'onCommand:simpleBrowser.api.open'
2024-11-19 19:33:30.023 [info] ExtensionService#_doActivateExtension redhat.vscode-yaml, startup: false, activationEvent: 'onLanguage:yaml'
2024-11-19 19:33:30.777 [info] ExtensionService#_doActivateExtension vscode.configuration-editing, startup: false, activationEvent: 'onLanguage:jsonc'
2024-11-19 19:33:30.777 [info] ExtensionService#_doActivateExtension vscode.json-language-features, startup: false, activationEvent: 'onLanguage:jsonc'
2024-11-19 19:33:30.926 [warning] [redhat.vscode-yaml] Accessing a resource scoped configuration without providing a resource is not expected. To get the effective value for '[yaml]', provide the URI of a resource or 'null' for any resource.
2024-11-19 19:33:30.929 [warning] [redhat.vscode-yaml] Accessing a resource scoped configuration without providing a resource is not expected. To get the effective value for '[yaml]', provide the URI of a resource or 'null' for any resource.
2024-11-19 19:33:34.147 [info] ExtensionService#_doActivateExtension vscode.extension-editing, startup: false, activationEvent: 'onLanguage:json'
2024-11-19 19:34:46.113 [warning] [redhat.vscode-yaml] Accessing a resource scoped configuration without providing a resource is not expected. To get the effective value for '[yaml]', provide the URI of a resource or 'null' for any resource.
