2024-11-20 12:54:18.551 [info] Extension host with pid 521 started
2024-11-20 12:54:18.551 [error] Error: EEXIST: file already exists, open '/workspace/.vscode-remote/data/User/workspaceStorage/35e6fded/vscode.lock'
2024-11-20 12:54:18.556 [info] Lock '/workspace/.vscode-remote/data/User/workspaceStorage/35e6fded/vscode.lock': Could not acquire lock, checking if the file is stale.
2024-11-20 12:54:18.560 [info] Lock '/workspace/.vscode-remote/data/User/workspaceStorage/35e6fded/vscode.lock': The lock looks stale, waiting for 2s.
2024-11-20 12:54:18.677 [info] ExtensionService#_doActivateExtension vscode.emmet, startup: false, activationEvent: 'onLanguage'
2024-11-20 12:54:18.678 [info] ExtensionService#_doActivateExtension vscode.typescript-language-features, startup: false, activationEvent: 'onLanguage:javascript'
2024-11-20 12:54:19.320 [info] ExtensionService#_doActivateExtension gitpod.gitpod-web, startup: false, activationEvent: 'onAuthenticationRequest:gitpod'
2024-11-20 12:54:19.679 [info] ExtensionService#_doActivateExtension vscode.git-base, startup: true, activationEvent: '*', root cause: vscode.git
2024-11-20 12:54:19.683 [info] ExtensionService#_doActivateExtension vscode.npm, startup: true, activationEvent: 'workspaceContains:package.json'
2024-11-20 12:54:20.560 [info] Lock '/workspace/.vscode-remote/data/User/workspaceStorage/35e6fded/vscode.lock': The lock looks stale even after waiting for 2s.
2024-11-20 12:54:20.560 [info] Lock '/workspace/.vscode-remote/data/User/workspaceStorage/35e6fded/vscode.lock': Deleting a stale lock.
2024-11-20 12:54:20.563 [info] Lock '/workspace/.vscode-remote/data/User/workspaceStorage/35e6fded/vscode.lock': Lock acquired.
2024-11-20 12:54:20.729 [info] ExtensionService#_doActivateExtension vscode.git, startup: true, activationEvent: '*'
2024-11-20 12:54:20.729 [info] ExtensionService#_doActivateExtension vscode.github, startup: true, activationEvent: '*'
2024-11-20 12:54:21.080 [info] Eager extensions activated
2024-11-20 12:54:21.080 [info] ExtensionService#_doActivateExtension vscode.debug-auto-launch, startup: false, activationEvent: 'onStartupFinished'
2024-11-20 12:54:21.081 [info] ExtensionService#_doActivateExtension vscode.merge-conflict, startup: false, activationEvent: 'onStartupFinished'
2024-11-20 12:54:21.081 [info] ExtensionService#_doActivateExtension vscode.github-authentication, startup: false, activationEvent: 'onStartupFinished', root cause: GitHub.vscode-pull-request-github
2024-11-20 12:54:21.878 [info] ExtensionService#_doActivateExtension GitHub.vscode-pull-request-github, startup: false, activationEvent: 'onStartupFinished'
2024-11-20 12:54:22.021 [info] ExtensionService#_doActivateExtension vscode.simple-browser, startup: false, activationEvent: 'onCommand:simpleBrowser.api.open'
2024-11-20 12:54:22.030 [info] ExtensionService#_doActivateExtension redhat.vscode-yaml, startup: false, activationEvent: 'onLanguage:yaml'
2024-11-20 12:54:22.558 [warning] [redhat.vscode-yaml] Accessing a resource scoped configuration without providing a resource is not expected. To get the effective value for '[yaml]', provide the URI of a resource or 'null' for any resource.
2024-11-20 12:54:22.559 [warning] [redhat.vscode-yaml] Accessing a resource scoped configuration without providing a resource is not expected. To get the effective value for '[yaml]', provide the URI of a resource or 'null' for any resource.
2024-11-20 12:54:22.724 [info] ExtensionService#_doActivateExtension vscode.configuration-editing, startup: false, activationEvent: 'onLanguage:jsonc'
2024-11-20 12:54:22.725 [info] ExtensionService#_doActivateExtension vscode.json-language-features, startup: false, activationEvent: 'onLanguage:jsonc'
2024-11-20 12:54:26.774 [info] ExtensionService#_doActivateExtension vscode.extension-editing, startup: false, activationEvent: 'onLanguage:json'
2024-11-20 12:56:21.942 [info] ExtensionService#_doActivateExtension vscode.debug-server-ready, startup: false, activationEvent: 'onDebugResolve'
2024-11-20 12:56:21.942 [info] ExtensionService#_doActivateExtension ms-vscode.js-debug, startup: false, activationEvent: 'onDebugResolve:pwa-node'
2024-11-20 13:30:17.736 [info] ExtensionService#_doActivateExtension vscode.html-language-features, startup: false, activationEvent: 'onLanguage:html'
