2024-11-22 01:27:53.693 [info] Extension host with pid 520 started
2024-11-22 01:27:53.693 [error] Error: EEXIST: file already exists, open '/workspace/.vscode-remote/data/User/workspaceStorage/35e6fded/vscode.lock'
2024-11-22 01:27:53.696 [info] Lock '/workspace/.vscode-remote/data/User/workspaceStorage/35e6fded/vscode.lock': Could not acquire lock, checking if the file is stale.
2024-11-22 01:27:53.697 [info] Lock '/workspace/.vscode-remote/data/User/workspaceStorage/35e6fded/vscode.lock': The lock looks stale, waiting for 2s.
2024-11-22 01:27:53.846 [info] ExtensionService#_doActivateExtension vscode.typescript-language-features, startup: false, activationEvent: 'onLanguage:javascript'
2024-11-22 01:27:53.847 [info] ExtensionService#_doActivateExtension vscode.emmet, startup: false, activationEvent: 'onLanguage'
2024-11-22 01:27:54.398 [info] ExtensionService#_doActivateExtension gitpod.gitpod-web, startup: false, activationEvent: 'onAuthenticationRequest:gitpod'
2024-11-22 01:27:54.847 [info] ExtensionService#_doActivateExtension vscode.git-base, startup: true, activationEvent: '*', root cause: vscode.git
2024-11-22 01:27:54.851 [info] ExtensionService#_doActivateExtension vscode.npm, startup: true, activationEvent: 'workspaceContains:package.json'
2024-11-22 01:27:55.697 [info] Lock '/workspace/.vscode-remote/data/User/workspaceStorage/35e6fded/vscode.lock': The lock looks stale even after waiting for 2s.
2024-11-22 01:27:55.697 [info] Lock '/workspace/.vscode-remote/data/User/workspaceStorage/35e6fded/vscode.lock': Deleting a stale lock.
2024-11-22 01:27:55.700 [info] Lock '/workspace/.vscode-remote/data/User/workspaceStorage/35e6fded/vscode.lock': Lock acquired.
2024-11-22 01:27:55.885 [info] ExtensionService#_doActivateExtension vscode.git, startup: true, activationEvent: '*'
2024-11-22 01:27:55.886 [info] ExtensionService#_doActivateExtension vscode.github, startup: true, activationEvent: '*'
2024-11-22 01:27:56.308 [info] Eager extensions activated
2024-11-22 01:27:56.308 [info] ExtensionService#_doActivateExtension vscode.debug-auto-launch, startup: false, activationEvent: 'onStartupFinished'
2024-11-22 01:27:56.309 [info] ExtensionService#_doActivateExtension vscode.merge-conflict, startup: false, activationEvent: 'onStartupFinished'
2024-11-22 01:27:56.309 [info] ExtensionService#_doActivateExtension vscode.github-authentication, startup: false, activationEvent: 'onStartupFinished', root cause: GitHub.vscode-pull-request-github
2024-11-22 01:27:57.133 [info] ExtensionService#_doActivateExtension GitHub.vscode-pull-request-github, startup: false, activationEvent: 'onStartupFinished'
2024-11-22 01:27:57.287 [info] ExtensionService#_doActivateExtension vscode.simple-browser, startup: false, activationEvent: 'onCommand:simpleBrowser.api.open'
2024-11-22 01:27:57.292 [info] ExtensionService#_doActivateExtension redhat.vscode-yaml, startup: false, activationEvent: 'onLanguage:yaml'
2024-11-22 01:27:57.741 [warning] [redhat.vscode-yaml] Accessing a resource scoped configuration without providing a resource is not expected. To get the effective value for '[yaml]', provide the URI of a resource or 'null' for any resource.
2024-11-22 01:27:57.743 [warning] [redhat.vscode-yaml] Accessing a resource scoped configuration without providing a resource is not expected. To get the effective value for '[yaml]', provide the URI of a resource or 'null' for any resource.
2024-11-22 01:27:58.154 [info] ExtensionService#_doActivateExtension vscode.configuration-editing, startup: false, activationEvent: 'onLanguage:jsonc'
2024-11-22 01:27:58.154 [info] ExtensionService#_doActivateExtension vscode.json-language-features, startup: false, activationEvent: 'onLanguage:jsonc'
2024-11-22 01:28:01.732 [info] ExtensionService#_doActivateExtension vscode.extension-editing, startup: false, activationEvent: 'onLanguage:json'
