2024-11-22 01:27:57.125 [info] [main] Log level: Info
2024-11-22 01:27:57.125 [info] [main] Validating found git in: "git"
2024-11-22 01:27:57.125 [info] [main] Using git "2.46.0" from "git"
2024-11-22 01:27:57.125 [info] [Model][doInitialScan] Initial repository scan started
2024-11-22 01:27:57.125 [info] > git rev-parse --show-toplevel [3ms]
2024-11-22 01:27:57.125 [info] > git rev-parse --git-dir --git-common-dir [116ms]
2024-11-22 01:27:57.125 [info] [Model][openRepository] Opened repository: /workspace/MMaaser.github.io
2024-11-22 01:27:57.125 [info] > git rev-parse --show-toplevel [235ms]
2024-11-22 01:27:57.125 [info] > git config --get commit.template [240ms]
2024-11-22 01:27:57.125 [info] > git rev-parse --show-toplevel [18ms]
2024-11-22 01:27:57.125 [info] > git for-each-ref --format=%(refname)%00%(upstream:short)%00%(objectname)%00%(upstream:track)%00%(upstream:remotename)%00%(upstream:remoteref) refs/heads/main refs/remotes/main [24ms]
2024-11-22 01:27:57.125 [warning] [Git][revParse] Unable to read file: ENOENT: no such file or directory, open '/workspace/MMaaser.github.io/.git/refs/remotes/origin/main'
2024-11-22 01:27:57.125 [info] > git rev-parse --show-toplevel [70ms]
2024-11-22 01:27:57.125 [info] > git rev-parse refs/remotes/origin/main [68ms]
2024-11-22 01:27:57.125 [info] > git status -z -uall [17ms]
2024-11-22 01:27:57.125 [info] > git rev-parse --show-toplevel [28ms]
2024-11-22 01:27:57.125 [info] > git for-each-ref --sort -committerdate --format %(refname) %(objectname) %(*objectname) [21ms]
2024-11-22 01:27:57.125 [info] > git for-each-ref --format=%(refname)%00%(upstream:short)%00%(objectname)%00%(upstream:track)%00%(upstream:remotename)%00%(upstream:remoteref) refs/heads/main refs/remotes/main [9ms]
2024-11-22 01:27:57.125 [info] > git rev-parse --show-toplevel [52ms]
2024-11-22 01:27:57.125 [info] > git config --get commit.template [31ms]
2024-11-22 01:27:57.125 [info] > git config --local branch.main.vscode-merge-base [9ms]
2024-11-22 01:27:57.125 [info] > git rev-parse --show-toplevel [28ms]
2024-11-22 01:27:57.125 [info] > git for-each-ref --format=%(refname)%00%(upstream:short)%00%(objectname)%00%(upstream:track)%00%(upstream:remotename)%00%(upstream:remoteref) refs/heads/main refs/remotes/main [12ms]
2024-11-22 01:27:57.125 [info] > git for-each-ref --format=%(refname)%00%(upstream:short)%00%(objectname)%00%(upstream:track)%00%(upstream:remotename)%00%(upstream:remoteref) refs/heads/origin/main refs/remotes/origin/main [30ms]
2024-11-22 01:27:57.125 [warning] [Git][revParse] Unable to read file: ENOENT: no such file or directory, open '/workspace/MMaaser.github.io/.git/refs/remotes/origin/main'
2024-11-22 01:27:57.125 [info] > git merge-base refs/heads/main refs/remotes/origin/main [51ms]
2024-11-22 01:27:57.125 [info] > git rev-parse --show-toplevel [67ms]
2024-11-22 01:27:57.125 [info] > git rev-parse refs/remotes/origin/main [19ms]
2024-11-22 01:27:57.125 [info] > git status -z -uall [8ms]
2024-11-22 01:27:57.125 [info] > git rev-parse --show-toplevel [14ms]
2024-11-22 01:27:57.125 [info] [Model][doInitialScan] Initial repository scan completed - repositories (1), closed repositories (0), parent repositories (0), unsafe repositories (0)
2024-11-22 01:27:57.125 [info] > git diff --name-status -z --diff-filter=ADMR 799a6d0026c5692e82c89eb44abfaf49b6a45d84...refs/remotes/origin/main [21ms]
2024-11-22 01:27:57.125 [info] > git for-each-ref --sort -committerdate --format %(refname) %(objectname) %(*objectname) [4ms]
2024-11-22 01:27:57.583 [info] > git show --textconv :src/scenes/Level.js [5ms]
2024-11-22 01:27:57.585 [info] > git ls-files --stage -- /workspace/MMaaser.github.io/src/scenes/Level.js [2ms]
2024-11-22 01:27:57.591 [info] > git cat-file -s 0b2889a051c78fe5794c91a8e7d8f6a8465b3314 [2ms]
2024-11-22 01:27:57.632 [info] > git check-ignore -v -z --stdin [5ms]
2024-11-22 01:27:59.457 [info] > git config --local branch.main.github-pr-owner-number [2ms]
2024-11-22 01:27:59.457 [warning] [Git][config] git config failed: Failed to execute git
2024-11-22 01:28:21.070 [info] > git config --get commit.template [6ms]
2024-11-22 01:28:21.071 [info] > git for-each-ref --format=%(refname)%00%(upstream:short)%00%(objectname)%00%(upstream:track)%00%(upstream:remotename)%00%(upstream:remoteref) refs/heads/main refs/remotes/main [2ms]
2024-11-22 01:28:21.076 [warning] [Git][revParse] Unable to read file: ENOENT: no such file or directory, open '/workspace/MMaaser.github.io/.git/refs/remotes/origin/main'
2024-11-22 01:28:21.078 [info] > git rev-parse refs/remotes/origin/main [2ms]
2024-11-22 01:28:21.091 [info] > git status -z -uall [8ms]
2024-11-22 01:28:21.091 [info] > git for-each-ref --sort -committerdate --format %(refname) %(objectname) %(*objectname) [2ms]
2024-11-22 01:28:26.105 [info] > git config --get commit.template [5ms]
2024-11-22 01:28:26.107 [info] > git for-each-ref --format=%(refname)%00%(upstream:short)%00%(objectname)%00%(upstream:track)%00%(upstream:remotename)%00%(upstream:remoteref) refs/heads/main refs/remotes/main [2ms]
2024-11-22 01:28:26.113 [warning] [Git][revParse] Unable to read file: ENOENT: no such file or directory, open '/workspace/MMaaser.github.io/.git/refs/remotes/origin/main'
2024-11-22 01:28:26.115 [info] > git rev-parse refs/remotes/origin/main [1ms]
2024-11-22 01:28:26.125 [info] > git status -z -uall [6ms]
2024-11-22 01:28:26.127 [info] > git for-each-ref --sort -committerdate --format %(refname) %(objectname) %(*objectname) [2ms]
2024-11-22 01:29:07.933 [info] > git config --get commit.template [6ms]
2024-11-22 01:29:07.934 [info] > git for-each-ref --format=%(refname)%00%(upstream:short)%00%(objectname)%00%(upstream:track)%00%(upstream:remotename)%00%(upstream:remoteref) refs/heads/main refs/remotes/main [2ms]
2024-11-22 01:29:07.939 [warning] [Git][revParse] Unable to read file: ENOENT: no such file or directory, open '/workspace/MMaaser.github.io/.git/refs/remotes/origin/main'
2024-11-22 01:29:07.941 [info] > git rev-parse refs/remotes/origin/main [2ms]
2024-11-22 01:29:07.952 [info] > git status -z -uall [6ms]
2024-11-22 01:29:07.954 [info] > git for-each-ref --sort -committerdate --format %(refname) %(objectname) %(*objectname) [2ms]
2024-11-22 01:33:33.186 [info] > git config --get commit.template [7ms]
2024-11-22 01:33:33.188 [info] > git for-each-ref --format=%(refname)%00%(upstream:short)%00%(objectname)%00%(upstream:track)%00%(upstream:remotename)%00%(upstream:remoteref) refs/heads/main refs/remotes/main [3ms]
2024-11-22 01:33:33.193 [warning] [Git][revParse] Unable to read file: ENOENT: no such file or directory, open '/workspace/MMaaser.github.io/.git/refs/remotes/origin/main'
2024-11-22 01:33:33.194 [info] > git rev-parse refs/remotes/origin/main [1ms]
2024-11-22 01:33:33.205 [info] > git status -z -uall [6ms]
2024-11-22 01:33:33.207 [info] > git for-each-ref --sort -committerdate --format %(refname) %(objectname) %(*objectname) [2ms]
2024-11-22 01:56:15.767 [info] > git config --get commit.template [7ms]
2024-11-22 01:56:15.769 [info] > git for-each-ref --format=%(refname)%00%(upstream:short)%00%(objectname)%00%(upstream:track)%00%(upstream:remotename)%00%(upstream:remoteref) refs/heads/main refs/remotes/main [2ms]
2024-11-22 01:56:15.774 [warning] [Git][revParse] Unable to read file: ENOENT: no such file or directory, open '/workspace/MMaaser.github.io/.git/refs/remotes/origin/main'
2024-11-22 01:56:15.776 [info] > git rev-parse refs/remotes/origin/main [2ms]
2024-11-22 01:56:15.788 [info] > git status -z -uall [7ms]
2024-11-22 01:56:15.789 [info] > git for-each-ref --sort -committerdate --format %(refname) %(objectname) %(*objectname) [3ms]
2024-11-22 02:15:06.822 [info] > git config --get commit.template [8ms]
2024-11-22 02:15:06.823 [info] > git for-each-ref --format=%(refname)%00%(upstream:short)%00%(objectname)%00%(upstream:track)%00%(upstream:remotename)%00%(upstream:remoteref) refs/heads/main refs/remotes/main [3ms]
2024-11-22 02:15:06.829 [warning] [Git][revParse] Unable to read file: ENOENT: no such file or directory, open '/workspace/MMaaser.github.io/.git/refs/remotes/origin/main'
2024-11-22 02:15:06.830 [info] > git rev-parse refs/remotes/origin/main [1ms]
2024-11-22 02:15:06.842 [info] > git status -z -uall [6ms]
2024-11-22 02:15:06.843 [info] > git for-each-ref --sort -committerdate --format %(refname) %(objectname) %(*objectname) [2ms]
2024-11-22 02:15:43.157 [info] > git config --get commit.template [6ms]
2024-11-22 02:15:43.159 [info] > git for-each-ref --format=%(refname)%00%(upstream:short)%00%(objectname)%00%(upstream:track)%00%(upstream:remotename)%00%(upstream:remoteref) refs/heads/main refs/remotes/main [2ms]
2024-11-22 02:15:43.164 [warning] [Git][revParse] Unable to read file: ENOENT: no such file or directory, open '/workspace/MMaaser.github.io/.git/refs/remotes/origin/main'
2024-11-22 02:15:43.165 [info] > git rev-parse refs/remotes/origin/main [1ms]
2024-11-22 02:15:43.176 [info] > git status -z -uall [6ms]
2024-11-22 02:15:43.178 [info] > git for-each-ref --sort -committerdate --format %(refname) %(objectname) %(*objectname) [3ms]
2024-11-22 02:20:23.779 [info] > git config --get commit.template [6ms]
2024-11-22 02:20:23.780 [info] > git for-each-ref --format=%(refname)%00%(upstream:short)%00%(objectname)%00%(upstream:track)%00%(upstream:remotename)%00%(upstream:remoteref) refs/heads/main refs/remotes/main [2ms]
2024-11-22 02:20:23.785 [warning] [Git][revParse] Unable to read file: ENOENT: no such file or directory, open '/workspace/MMaaser.github.io/.git/refs/remotes/origin/main'
2024-11-22 02:20:23.787 [info] > git rev-parse refs/remotes/origin/main [2ms]
2024-11-22 02:20:23.798 [info] > git status -z -uall [6ms]
2024-11-22 02:20:23.799 [info] > git for-each-ref --sort -committerdate --format %(refname) %(objectname) %(*objectname) [2ms]
2024-11-22 02:20:31.614 [info] > git config --get commit.template [6ms]
2024-11-22 02:20:31.615 [info] > git for-each-ref --format=%(refname)%00%(upstream:short)%00%(objectname)%00%(upstream:track)%00%(upstream:remotename)%00%(upstream:remoteref) refs/heads/main refs/remotes/main [2ms]
2024-11-22 02:20:31.621 [warning] [Git][revParse] Unable to read file: ENOENT: no such file or directory, open '/workspace/MMaaser.github.io/.git/refs/remotes/origin/main'
2024-11-22 02:20:31.623 [info] > git rev-parse refs/remotes/origin/main [1ms]
2024-11-22 02:20:31.633 [info] > git status -z -uall [5ms]
2024-11-22 02:20:31.635 [info] > git for-each-ref --sort -committerdate --format %(refname) %(objectname) %(*objectname) [2ms]
2024-11-22 02:20:36.650 [info] > git config --get commit.template [6ms]
2024-11-22 02:20:36.652 [info] > git for-each-ref --format=%(refname)%00%(upstream:short)%00%(objectname)%00%(upstream:track)%00%(upstream:remotename)%00%(upstream:remoteref) refs/heads/main refs/remotes/main [3ms]
2024-11-22 02:20:36.658 [warning] [Git][revParse] Unable to read file: ENOENT: no such file or directory, open '/workspace/MMaaser.github.io/.git/refs/remotes/origin/main'
2024-11-22 02:20:36.659 [info] > git rev-parse refs/remotes/origin/main [1ms]
2024-11-22 02:20:36.670 [info] > git status -z -uall [6ms]
2024-11-22 02:20:36.672 [info] > git for-each-ref --sort -committerdate --format %(refname) %(objectname) %(*objectname) [3ms]
2024-11-22 02:20:41.686 [info] > git config --get commit.template [6ms]
2024-11-22 02:20:41.687 [info] > git for-each-ref --format=%(refname)%00%(upstream:short)%00%(objectname)%00%(upstream:track)%00%(upstream:remotename)%00%(upstream:remoteref) refs/heads/main refs/remotes/main [2ms]
2024-11-22 02:20:41.692 [warning] [Git][revParse] Unable to read file: ENOENT: no such file or directory, open '/workspace/MMaaser.github.io/.git/refs/remotes/origin/main'
2024-11-22 02:20:41.693 [info] > git rev-parse refs/remotes/origin/main [1ms]
2024-11-22 02:20:41.703 [info] > git status -z -uall [5ms]
2024-11-22 02:20:41.704 [info] > git for-each-ref --sort -committerdate --format %(refname) %(objectname) %(*objectname) [2ms]
2024-11-22 02:20:46.718 [info] > git config --get commit.template [6ms]
2024-11-22 02:20:46.720 [info] > git for-each-ref --format=%(refname)%00%(upstream:short)%00%(objectname)%00%(upstream:track)%00%(upstream:remotename)%00%(upstream:remoteref) refs/heads/main refs/remotes/main [3ms]
2024-11-22 02:20:46.725 [warning] [Git][revParse] Unable to read file: ENOENT: no such file or directory, open '/workspace/MMaaser.github.io/.git/refs/remotes/origin/main'
2024-11-22 02:20:46.726 [info] > git rev-parse refs/remotes/origin/main [1ms]
2024-11-22 02:20:46.737 [info] > git status -z -uall [6ms]
2024-11-22 02:20:46.739 [info] > git for-each-ref --sort -committerdate --format %(refname) %(objectname) %(*objectname) [2ms]
2024-11-22 02:20:52.514 [info] > git config --get commit.template [6ms]
2024-11-22 02:20:52.516 [info] > git for-each-ref --format=%(refname)%00%(upstream:short)%00%(objectname)%00%(upstream:track)%00%(upstream:remotename)%00%(upstream:remoteref) refs/heads/main refs/remotes/main [3ms]
2024-11-22 02:20:52.521 [warning] [Git][revParse] Unable to read file: ENOENT: no such file or directory, open '/workspace/MMaaser.github.io/.git/refs/remotes/origin/main'
2024-11-22 02:20:52.523 [info] > git rev-parse refs/remotes/origin/main [2ms]
2024-11-22 02:20:52.533 [info] > git status -z -uall [5ms]
2024-11-22 02:20:52.535 [info] > git for-each-ref --sort -committerdate --format %(refname) %(objectname) %(*objectname) [2ms]
2024-11-22 02:20:57.549 [info] > git config --get commit.template [6ms]
2024-11-22 02:20:57.551 [info] > git for-each-ref --format=%(refname)%00%(upstream:short)%00%(objectname)%00%(upstream:track)%00%(upstream:remotename)%00%(upstream:remoteref) refs/heads/main refs/remotes/main [3ms]
2024-11-22 02:20:57.556 [warning] [Git][revParse] Unable to read file: ENOENT: no such file or directory, open '/workspace/MMaaser.github.io/.git/refs/remotes/origin/main'
2024-11-22 02:20:57.557 [info] > git rev-parse refs/remotes/origin/main [1ms]
2024-11-22 02:20:57.568 [info] > git status -z -uall [5ms]
2024-11-22 02:20:57.570 [info] > git for-each-ref --sort -committerdate --format %(refname) %(objectname) %(*objectname) [2ms]
2024-11-22 02:21:02.584 [info] > git config --get commit.template [6ms]
2024-11-22 02:21:02.586 [info] > git for-each-ref --format=%(refname)%00%(upstream:short)%00%(objectname)%00%(upstream:track)%00%(upstream:remotename)%00%(upstream:remoteref) refs/heads/main refs/remotes/main [2ms]
2024-11-22 02:21:02.591 [warning] [Git][revParse] Unable to read file: ENOENT: no such file or directory, open '/workspace/MMaaser.github.io/.git/refs/remotes/origin/main'
2024-11-22 02:21:02.593 [info] > git rev-parse refs/remotes/origin/main [2ms]
2024-11-22 02:21:02.604 [info] > git status -z -uall [7ms]
2024-11-22 02:21:02.606 [info] > git for-each-ref --sort -committerdate --format %(refname) %(objectname) %(*objectname) [3ms]
2024-11-22 02:21:07.620 [info] > git config --get commit.template [7ms]
2024-11-22 02:21:07.621 [info] > git for-each-ref --format=%(refname)%00%(upstream:short)%00%(objectname)%00%(upstream:track)%00%(upstream:remotename)%00%(upstream:remoteref) refs/heads/main refs/remotes/main [2ms]
2024-11-22 02:21:07.627 [warning] [Git][revParse] Unable to read file: ENOENT: no such file or directory, open '/workspace/MMaaser.github.io/.git/refs/remotes/origin/main'
2024-11-22 02:21:07.629 [info] > git rev-parse refs/remotes/origin/main [2ms]
2024-11-22 02:21:07.640 [info] > git status -z -uall [6ms]
2024-11-22 02:21:07.642 [info] > git for-each-ref --sort -committerdate --format %(refname) %(objectname) %(*objectname) [3ms]
2024-11-22 02:40:26.823 [info] > git config --get commit.template [8ms]
2024-11-22 02:40:26.823 [info] > git for-each-ref --format=%(refname)%00%(upstream:short)%00%(objectname)%00%(upstream:track)%00%(upstream:remotename)%00%(upstream:remoteref) refs/heads/main refs/remotes/main [2ms]
2024-11-22 02:40:26.830 [warning] [Git][revParse] Unable to read file: ENOENT: no such file or directory, open '/workspace/MMaaser.github.io/.git/refs/remotes/origin/main'
2024-11-22 02:40:26.831 [info] > git rev-parse refs/remotes/origin/main [1ms]
2024-11-22 02:40:26.845 [info] > git status -z -uall [7ms]
2024-11-22 02:40:26.847 [info] > git for-each-ref --sort -committerdate --format %(refname) %(objectname) %(*objectname) [3ms]
2024-11-22 02:40:34.001 [info] > git config --get commit.template [7ms]
2024-11-22 02:40:34.003 [info] > git for-each-ref --format=%(refname)%00%(upstream:short)%00%(objectname)%00%(upstream:track)%00%(upstream:remotename)%00%(upstream:remoteref) refs/heads/main refs/remotes/main [3ms]
2024-11-22 02:40:34.007 [warning] [Git][revParse] Unable to read file: ENOENT: no such file or directory, open '/workspace/MMaaser.github.io/.git/refs/remotes/origin/main'
2024-11-22 02:40:34.009 [info] > git rev-parse refs/remotes/origin/main [2ms]
2024-11-22 02:40:34.019 [info] > git status -z -uall [6ms]
2024-11-22 02:40:34.020 [info] > git for-each-ref --sort -committerdate --format %(refname) %(objectname) %(*objectname) [2ms]
2024-11-22 02:40:46.215 [info] > git config --get commit.template [6ms]
2024-11-22 02:40:46.217 [info] > git for-each-ref --format=%(refname)%00%(upstream:short)%00%(objectname)%00%(upstream:track)%00%(upstream:remotename)%00%(upstream:remoteref) refs/heads/main refs/remotes/main [2ms]
2024-11-22 02:40:46.222 [warning] [Git][revParse] Unable to read file: ENOENT: no such file or directory, open '/workspace/MMaaser.github.io/.git/refs/remotes/origin/main'
2024-11-22 02:40:46.224 [info] > git rev-parse refs/remotes/origin/main [2ms]
2024-11-22 02:40:46.235 [info] > git status -z -uall [6ms]
2024-11-22 02:40:46.237 [info] > git for-each-ref --sort -committerdate --format %(refname) %(objectname) %(*objectname) [2ms]
2024-11-22 02:40:51.251 [info] > git config --get commit.template [6ms]
2024-11-22 02:40:51.253 [info] > git for-each-ref --format=%(refname)%00%(upstream:short)%00%(objectname)%00%(upstream:track)%00%(upstream:remotename)%00%(upstream:remoteref) refs/heads/main refs/remotes/main [3ms]
2024-11-22 02:40:51.258 [warning] [Git][revParse] Unable to read file: ENOENT: no such file or directory, open '/workspace/MMaaser.github.io/.git/refs/remotes/origin/main'
2024-11-22 02:40:51.259 [info] > git rev-parse refs/remotes/origin/main [1ms]
2024-11-22 02:40:51.270 [info] > git status -z -uall [5ms]
2024-11-22 02:40:51.272 [info] > git for-each-ref --sort -committerdate --format %(refname) %(objectname) %(*objectname) [2ms]
2024-11-22 02:40:56.286 [info] > git config --get commit.template [7ms]
2024-11-22 02:40:56.288 [info] > git for-each-ref --format=%(refname)%00%(upstream:short)%00%(objectname)%00%(upstream:track)%00%(upstream:remotename)%00%(upstream:remoteref) refs/heads/main refs/remotes/main [3ms]
2024-11-22 02:40:56.292 [warning] [Git][revParse] Unable to read file: ENOENT: no such file or directory, open '/workspace/MMaaser.github.io/.git/refs/remotes/origin/main'
2024-11-22 02:40:56.294 [info] > git rev-parse refs/remotes/origin/main [2ms]
2024-11-22 02:40:56.305 [info] > git status -z -uall [5ms]
2024-11-22 02:40:56.306 [info] > git for-each-ref --sort -committerdate --format %(refname) %(objectname) %(*objectname) [2ms]
2024-11-22 02:41:01.321 [info] > git config --get commit.template [6ms]
2024-11-22 02:41:01.323 [info] > git for-each-ref --format=%(refname)%00%(upstream:short)%00%(objectname)%00%(upstream:track)%00%(upstream:remotename)%00%(upstream:remoteref) refs/heads/main refs/remotes/main [3ms]
2024-11-22 02:41:01.329 [warning] [Git][revParse] Unable to read file: ENOENT: no such file or directory, open '/workspace/MMaaser.github.io/.git/refs/remotes/origin/main'
2024-11-22 02:41:01.331 [info] > git rev-parse refs/remotes/origin/main [2ms]
2024-11-22 02:41:01.341 [info] > git status -z -uall [5ms]
2024-11-22 02:41:01.343 [info] > git for-each-ref --sort -committerdate --format %(refname) %(objectname) %(*objectname) [2ms]
2024-11-22 02:42:35.194 [info] > git config --get commit.template [7ms]
2024-11-22 02:42:35.196 [info] > git for-each-ref --format=%(refname)%00%(upstream:short)%00%(objectname)%00%(upstream:track)%00%(upstream:remotename)%00%(upstream:remoteref) refs/heads/main refs/remotes/main [2ms]
2024-11-22 02:42:35.203 [warning] [Git][revParse] Unable to read file: ENOENT: no such file or directory, open '/workspace/MMaaser.github.io/.git/refs/remotes/origin/main'
2024-11-22 02:42:35.204 [info] > git rev-parse refs/remotes/origin/main [2ms]
2024-11-22 02:42:35.216 [info] > git status -z -uall [6ms]
2024-11-22 02:42:35.218 [info] > git for-each-ref --sort -committerdate --format %(refname) %(objectname) %(*objectname) [2ms]
2024-11-22 02:42:40.232 [info] > git config --get commit.template [6ms]
2024-11-22 02:42:40.234 [info] > git for-each-ref --format=%(refname)%00%(upstream:short)%00%(objectname)%00%(upstream:track)%00%(upstream:remotename)%00%(upstream:remoteref) refs/heads/main refs/remotes/main [2ms]
2024-11-22 02:42:40.239 [warning] [Git][revParse] Unable to read file: ENOENT: no such file or directory, open '/workspace/MMaaser.github.io/.git/refs/remotes/origin/main'
2024-11-22 02:42:40.241 [info] > git rev-parse refs/remotes/origin/main [2ms]
2024-11-22 02:42:40.252 [info] > git status -z -uall [6ms]
2024-11-22 02:42:40.253 [info] > git for-each-ref --sort -committerdate --format %(refname) %(objectname) %(*objectname) [2ms]
2024-11-22 02:42:52.151 [info] > git config --get commit.template [7ms]
2024-11-22 02:42:52.153 [info] > git for-each-ref --format=%(refname)%00%(upstream:short)%00%(objectname)%00%(upstream:track)%00%(upstream:remotename)%00%(upstream:remoteref) refs/heads/main refs/remotes/main [2ms]
2024-11-22 02:42:52.158 [warning] [Git][revParse] Unable to read file: ENOENT: no such file or directory, open '/workspace/MMaaser.github.io/.git/refs/remotes/origin/main'
2024-11-22 02:42:52.159 [info] > git rev-parse refs/remotes/origin/main [1ms]
2024-11-22 02:42:52.172 [info] > git status -z -uall [7ms]
2024-11-22 02:42:52.173 [info] > git for-each-ref --sort -committerdate --format %(refname) %(objectname) %(*objectname) [2ms]
2024-11-22 02:42:59.740 [info] > git config --get commit.template [7ms]
2024-11-22 02:42:59.741 [info] > git for-each-ref --format=%(refname)%00%(upstream:short)%00%(objectname)%00%(upstream:track)%00%(upstream:remotename)%00%(upstream:remoteref) refs/heads/main refs/remotes/main [2ms]
2024-11-22 02:42:59.746 [warning] [Git][revParse] Unable to read file: ENOENT: no such file or directory, open '/workspace/MMaaser.github.io/.git/refs/remotes/origin/main'
2024-11-22 02:42:59.748 [info] > git rev-parse refs/remotes/origin/main [2ms]
2024-11-22 02:42:59.758 [info] > git status -z -uall [5ms]
2024-11-22 02:42:59.760 [info] > git for-each-ref --sort -committerdate --format %(refname) %(objectname) %(*objectname) [2ms]
2024-11-22 02:43:06.583 [info] > git config --get commit.template [6ms]
2024-11-22 02:43:06.585 [info] > git for-each-ref --format=%(refname)%00%(upstream:short)%00%(objectname)%00%(upstream:track)%00%(upstream:remotename)%00%(upstream:remoteref) refs/heads/main refs/remotes/main [2ms]
2024-11-22 02:43:06.589 [warning] [Git][revParse] Unable to read file: ENOENT: no such file or directory, open '/workspace/MMaaser.github.io/.git/refs/remotes/origin/main'
2024-11-22 02:43:06.591 [info] > git rev-parse refs/remotes/origin/main [2ms]
2024-11-22 02:43:06.601 [info] > git status -z -uall [5ms]
2024-11-22 02:43:06.603 [info] > git for-each-ref --sort -committerdate --format %(refname) %(objectname) %(*objectname) [2ms]
2024-11-22 02:43:12.097 [info] > git config --get commit.template [7ms]
2024-11-22 02:43:12.099 [info] > git for-each-ref --format=%(refname)%00%(upstream:short)%00%(objectname)%00%(upstream:track)%00%(upstream:remotename)%00%(upstream:remoteref) refs/heads/main refs/remotes/main [2ms]
2024-11-22 02:43:12.104 [warning] [Git][revParse] Unable to read file: ENOENT: no such file or directory, open '/workspace/MMaaser.github.io/.git/refs/remotes/origin/main'
2024-11-22 02:43:12.105 [info] > git rev-parse refs/remotes/origin/main [1ms]
2024-11-22 02:43:12.115 [info] > git status -z -uall [5ms]
2024-11-22 02:43:12.118 [info] > git for-each-ref --sort -committerdate --format %(refname) %(objectname) %(*objectname) [2ms]
2024-11-22 02:43:17.664 [info] > git config --get commit.template [7ms]
2024-11-22 02:43:17.665 [info] > git for-each-ref --format=%(refname)%00%(upstream:short)%00%(objectname)%00%(upstream:track)%00%(upstream:remotename)%00%(upstream:remoteref) refs/heads/main refs/remotes/main [2ms]
2024-11-22 02:43:17.671 [warning] [Git][revParse] Unable to read file: ENOENT: no such file or directory, open '/workspace/MMaaser.github.io/.git/refs/remotes/origin/main'
2024-11-22 02:43:17.673 [info] > git rev-parse refs/remotes/origin/main [1ms]
2024-11-22 02:43:17.685 [info] > git status -z -uall [6ms]
2024-11-22 02:43:17.686 [info] > git for-each-ref --sort -committerdate --format %(refname) %(objectname) %(*objectname) [2ms]
2024-11-22 02:43:22.703 [info] > git config --get commit.template [7ms]
2024-11-22 02:43:22.705 [info] > git for-each-ref --format=%(refname)%00%(upstream:short)%00%(objectname)%00%(upstream:track)%00%(upstream:remotename)%00%(upstream:remoteref) refs/heads/main refs/remotes/main [3ms]
2024-11-22 02:43:22.710 [warning] [Git][revParse] Unable to read file: ENOENT: no such file or directory, open '/workspace/MMaaser.github.io/.git/refs/remotes/origin/main'
2024-11-22 02:43:22.712 [info] > git rev-parse refs/remotes/origin/main [2ms]
2024-11-22 02:43:22.724 [info] > git status -z -uall [6ms]
2024-11-22 02:43:22.725 [info] > git for-each-ref --sort -committerdate --format %(refname) %(objectname) %(*objectname) [2ms]
2024-11-22 02:43:36.420 [info] > git config --get commit.template [7ms]
2024-11-22 02:43:36.421 [info] > git for-each-ref --format=%(refname)%00%(upstream:short)%00%(objectname)%00%(upstream:track)%00%(upstream:remotename)%00%(upstream:remoteref) refs/heads/main refs/remotes/main [3ms]
2024-11-22 02:43:36.426 [warning] [Git][revParse] Unable to read file: ENOENT: no such file or directory, open '/workspace/MMaaser.github.io/.git/refs/remotes/origin/main'
2024-11-22 02:43:36.428 [info] > git rev-parse refs/remotes/origin/main [2ms]
2024-11-22 02:43:36.440 [info] > git status -z -uall [6ms]
2024-11-22 02:43:36.441 [info] > git for-each-ref --sort -committerdate --format %(refname) %(objectname) %(*objectname) [2ms]
2024-11-22 02:43:41.494 [info] > git config --get commit.template [6ms]
2024-11-22 02:43:41.496 [info] > git for-each-ref --format=%(refname)%00%(upstream:short)%00%(objectname)%00%(upstream:track)%00%(upstream:remotename)%00%(upstream:remoteref) refs/heads/main refs/remotes/main [3ms]
2024-11-22 02:43:41.501 [warning] [Git][revParse] Unable to read file: ENOENT: no such file or directory, open '/workspace/MMaaser.github.io/.git/refs/remotes/origin/main'
2024-11-22 02:43:41.503 [info] > git rev-parse refs/remotes/origin/main [2ms]
2024-11-22 02:43:41.515 [info] > git status -z -uall [7ms]
2024-11-22 02:43:41.516 [info] > git for-each-ref --sort -committerdate --format %(refname) %(objectname) %(*objectname) [2ms]
2024-11-22 02:43:50.013 [info] > git config --get commit.template [8ms]
2024-11-22 02:43:50.015 [info] > git for-each-ref --format=%(refname)%00%(upstream:short)%00%(objectname)%00%(upstream:track)%00%(upstream:remotename)%00%(upstream:remoteref) refs/heads/main refs/remotes/main [3ms]
2024-11-22 02:43:50.019 [warning] [Git][revParse] Unable to read file: ENOENT: no such file or directory, open '/workspace/MMaaser.github.io/.git/refs/remotes/origin/main'
2024-11-22 02:43:50.021 [info] > git rev-parse refs/remotes/origin/main [2ms]
2024-11-22 02:43:50.031 [info] > git status -z -uall [6ms]
2024-11-22 02:43:50.033 [info] > git for-each-ref --sort -committerdate --format %(refname) %(objectname) %(*objectname) [2ms]
2024-11-22 02:43:55.843 [info] > git config --get commit.template [9ms]
2024-11-22 02:43:55.845 [info] > git for-each-ref --format=%(refname)%00%(upstream:short)%00%(objectname)%00%(upstream:track)%00%(upstream:remotename)%00%(upstream:remoteref) refs/heads/main refs/remotes/main [3ms]
2024-11-22 02:43:55.850 [warning] [Git][revParse] Unable to read file: ENOENT: no such file or directory, open '/workspace/MMaaser.github.io/.git/refs/remotes/origin/main'
2024-11-22 02:43:55.851 [info] > git rev-parse refs/remotes/origin/main [1ms]
2024-11-22 02:43:55.861 [info] > git status -z -uall [5ms]
2024-11-22 02:43:55.863 [info] > git for-each-ref --sort -committerdate --format %(refname) %(objectname) %(*objectname) [3ms]
2024-11-22 02:44:03.704 [info] > git config --get commit.template [7ms]
2024-11-22 02:44:03.705 [info] > git for-each-ref --format=%(refname)%00%(upstream:short)%00%(objectname)%00%(upstream:track)%00%(upstream:remotename)%00%(upstream:remoteref) refs/heads/main refs/remotes/main [2ms]
2024-11-22 02:44:03.710 [warning] [Git][revParse] Unable to read file: ENOENT: no such file or directory, open '/workspace/MMaaser.github.io/.git/refs/remotes/origin/main'
2024-11-22 02:44:03.712 [info] > git rev-parse refs/remotes/origin/main [2ms]
2024-11-22 02:44:03.723 [info] > git status -z -uall [6ms]
2024-11-22 02:44:03.725 [info] > git for-each-ref --sort -committerdate --format %(refname) %(objectname) %(*objectname) [2ms]
2024-11-22 02:44:08.739 [info] > git config --get commit.template [7ms]
2024-11-22 02:44:08.740 [info] > git for-each-ref --format=%(refname)%00%(upstream:short)%00%(objectname)%00%(upstream:track)%00%(upstream:remotename)%00%(upstream:remoteref) refs/heads/main refs/remotes/main [2ms]
2024-11-22 02:44:08.746 [warning] [Git][revParse] Unable to read file: ENOENT: no such file or directory, open '/workspace/MMaaser.github.io/.git/refs/remotes/origin/main'
2024-11-22 02:44:08.748 [info] > git rev-parse refs/remotes/origin/main [2ms]
2024-11-22 02:44:08.758 [info] > git status -z -uall [5ms]
2024-11-22 02:44:08.760 [info] > git for-each-ref --sort -committerdate --format %(refname) %(objectname) %(*objectname) [2ms]
2024-11-22 02:44:13.774 [info] > git config --get commit.template [6ms]
2024-11-22 02:44:13.776 [info] > git for-each-ref --format=%(refname)%00%(upstream:short)%00%(objectname)%00%(upstream:track)%00%(upstream:remotename)%00%(upstream:remoteref) refs/heads/main refs/remotes/main [3ms]
2024-11-22 02:44:13.781 [warning] [Git][revParse] Unable to read file: ENOENT: no such file or directory, open '/workspace/MMaaser.github.io/.git/refs/remotes/origin/main'
2024-11-22 02:44:13.782 [info] > git rev-parse refs/remotes/origin/main [1ms]
2024-11-22 02:44:13.793 [info] > git status -z -uall [6ms]
2024-11-22 02:44:13.795 [info] > git for-each-ref --sort -committerdate --format %(refname) %(objectname) %(*objectname) [2ms]
2024-11-22 02:44:18.825 [info] > git config --get commit.template [7ms]
2024-11-22 02:44:18.827 [info] > git for-each-ref --format=%(refname)%00%(upstream:short)%00%(objectname)%00%(upstream:track)%00%(upstream:remotename)%00%(upstream:remoteref) refs/heads/main refs/remotes/main [3ms]
2024-11-22 02:44:18.831 [warning] [Git][revParse] Unable to read file: ENOENT: no such file or directory, open '/workspace/MMaaser.github.io/.git/refs/remotes/origin/main'
2024-11-22 02:44:18.833 [info] > git rev-parse refs/remotes/origin/main [2ms]
2024-11-22 02:44:18.844 [info] > git status -z -uall [6ms]
2024-11-22 02:44:18.846 [info] > git for-each-ref --sort -committerdate --format %(refname) %(objectname) %(*objectname) [2ms]
2024-11-22 02:44:23.860 [info] > git config --get commit.template [6ms]
2024-11-22 02:44:23.861 [info] > git for-each-ref --format=%(refname)%00%(upstream:short)%00%(objectname)%00%(upstream:track)%00%(upstream:remotename)%00%(upstream:remoteref) refs/heads/main refs/remotes/main [2ms]
2024-11-22 02:44:23.866 [warning] [Git][revParse] Unable to read file: ENOENT: no such file or directory, open '/workspace/MMaaser.github.io/.git/refs/remotes/origin/main'
2024-11-22 02:44:23.867 [info] > git rev-parse refs/remotes/origin/main [1ms]
2024-11-22 02:44:23.877 [info] > git status -z -uall [5ms]
2024-11-22 02:44:23.879 [info] > git for-each-ref --sort -committerdate --format %(refname) %(objectname) %(*objectname) [2ms]
2024-11-22 02:44:28.893 [info] > git config --get commit.template [6ms]
2024-11-22 02:44:28.894 [info] > git for-each-ref --format=%(refname)%00%(upstream:short)%00%(objectname)%00%(upstream:track)%00%(upstream:remotename)%00%(upstream:remoteref) refs/heads/main refs/remotes/main [2ms]
2024-11-22 02:44:28.899 [warning] [Git][revParse] Unable to read file: ENOENT: no such file or directory, open '/workspace/MMaaser.github.io/.git/refs/remotes/origin/main'
2024-11-22 02:44:28.900 [info] > git rev-parse refs/remotes/origin/main [1ms]
2024-11-22 02:44:28.911 [info] > git status -z -uall [6ms]
2024-11-22 02:44:28.912 [info] > git for-each-ref --sort -committerdate --format %(refname) %(objectname) %(*objectname) [2ms]
2024-11-22 02:44:33.927 [info] > git config --get commit.template [6ms]
2024-11-22 02:44:33.929 [info] > git for-each-ref --format=%(refname)%00%(upstream:short)%00%(objectname)%00%(upstream:track)%00%(upstream:remotename)%00%(upstream:remoteref) refs/heads/main refs/remotes/main [3ms]
2024-11-22 02:44:33.933 [warning] [Git][revParse] Unable to read file: ENOENT: no such file or directory, open '/workspace/MMaaser.github.io/.git/refs/remotes/origin/main'
2024-11-22 02:44:33.935 [info] > git rev-parse refs/remotes/origin/main [2ms]
2024-11-22 02:44:33.945 [info] > git status -z -uall [5ms]
2024-11-22 02:44:33.947 [info] > git for-each-ref --sort -committerdate --format %(refname) %(objectname) %(*objectname) [2ms]
2024-11-22 02:50:16.349 [info] > git config --get commit.template [7ms]
2024-11-22 02:50:16.351 [info] > git for-each-ref --format=%(refname)%00%(upstream:short)%00%(objectname)%00%(upstream:track)%00%(upstream:remotename)%00%(upstream:remoteref) refs/heads/main refs/remotes/main [2ms]
2024-11-22 02:50:16.356 [warning] [Git][revParse] Unable to read file: ENOENT: no such file or directory, open '/workspace/MMaaser.github.io/.git/refs/remotes/origin/main'
2024-11-22 02:50:16.358 [info] > git rev-parse refs/remotes/origin/main [2ms]
2024-11-22 02:50:16.369 [info] > git status -z -uall [6ms]
2024-11-22 02:50:16.372 [info] > git for-each-ref --sort -committerdate --format %(refname) %(objectname) %(*objectname) [3ms]
2024-11-22 02:50:22.005 [info] > git config --get commit.template [6ms]
2024-11-22 02:50:22.006 [info] > git for-each-ref --format=%(refname)%00%(upstream:short)%00%(objectname)%00%(upstream:track)%00%(upstream:remotename)%00%(upstream:remoteref) refs/heads/main refs/remotes/main [2ms]
2024-11-22 02:50:22.011 [warning] [Git][revParse] Unable to read file: ENOENT: no such file or directory, open '/workspace/MMaaser.github.io/.git/refs/remotes/origin/main'
2024-11-22 02:50:22.012 [info] > git rev-parse refs/remotes/origin/main [1ms]
2024-11-22 02:50:22.022 [info] > git status -z -uall [5ms]
2024-11-22 02:50:22.023 [info] > git for-each-ref --sort -committerdate --format %(refname) %(objectname) %(*objectname) [2ms]
2024-11-22 02:50:30.337 [info] > git config --get commit.template [8ms]
2024-11-22 02:50:30.338 [info] > git for-each-ref --format=%(refname)%00%(upstream:short)%00%(objectname)%00%(upstream:track)%00%(upstream:remotename)%00%(upstream:remoteref) refs/heads/main refs/remotes/main [2ms]
2024-11-22 02:50:30.345 [warning] [Git][revParse] Unable to read file: ENOENT: no such file or directory, open '/workspace/MMaaser.github.io/.git/refs/remotes/origin/main'
2024-11-22 02:50:30.347 [info] > git rev-parse refs/remotes/origin/main [2ms]
2024-11-22 02:50:30.361 [info] > git status -z -uall [7ms]
2024-11-22 02:50:30.362 [info] > git for-each-ref --sort -committerdate --format %(refname) %(objectname) %(*objectname) [2ms]
2024-11-22 02:52:32.034 [info] > git config --get commit.template [6ms]
2024-11-22 02:52:32.036 [info] > git for-each-ref --format=%(refname)%00%(upstream:short)%00%(objectname)%00%(upstream:track)%00%(upstream:remotename)%00%(upstream:remoteref) refs/heads/main refs/remotes/main [3ms]
2024-11-22 02:52:32.041 [warning] [Git][revParse] Unable to read file: ENOENT: no such file or directory, open '/workspace/MMaaser.github.io/.git/refs/remotes/origin/main'
2024-11-22 02:52:32.042 [info] > git rev-parse refs/remotes/origin/main [1ms]
2024-11-22 02:52:32.053 [info] > git status -z -uall [6ms]
2024-11-22 02:52:32.054 [info] > git for-each-ref --sort -committerdate --format %(refname) %(objectname) %(*objectname) [2ms]
2024-11-22 02:52:37.068 [info] > git config --get commit.template [6ms]
2024-11-22 02:52:37.070 [info] > git for-each-ref --format=%(refname)%00%(upstream:short)%00%(objectname)%00%(upstream:track)%00%(upstream:remotename)%00%(upstream:remoteref) refs/heads/main refs/remotes/main [3ms]
2024-11-22 02:52:37.074 [warning] [Git][revParse] Unable to read file: ENOENT: no such file or directory, open '/workspace/MMaaser.github.io/.git/refs/remotes/origin/main'
2024-11-22 02:52:37.076 [info] > git rev-parse refs/remotes/origin/main [2ms]
2024-11-22 02:52:37.086 [info] > git status -z -uall [6ms]
2024-11-22 02:52:37.088 [info] > git for-each-ref --sort -committerdate --format %(refname) %(objectname) %(*objectname) [3ms]
2024-11-22 02:52:47.414 [info] > git config --get commit.template [7ms]
2024-11-22 02:52:47.415 [info] > git for-each-ref --format=%(refname)%00%(upstream:short)%00%(objectname)%00%(upstream:track)%00%(upstream:remotename)%00%(upstream:remoteref) refs/heads/main refs/remotes/main [2ms]
2024-11-22 02:52:47.421 [warning] [Git][revParse] Unable to read file: ENOENT: no such file or directory, open '/workspace/MMaaser.github.io/.git/refs/remotes/origin/main'
2024-11-22 02:52:47.422 [info] > git rev-parse refs/remotes/origin/main [1ms]
2024-11-22 02:52:47.433 [info] > git status -z -uall [6ms]
2024-11-22 02:52:47.435 [info] > git for-each-ref --sort -committerdate --format %(refname) %(objectname) %(*objectname) [2ms]
2024-11-22 02:52:52.448 [info] > git config --get commit.template [6ms]
2024-11-22 02:52:52.450 [info] > git for-each-ref --format=%(refname)%00%(upstream:short)%00%(objectname)%00%(upstream:track)%00%(upstream:remotename)%00%(upstream:remoteref) refs/heads/main refs/remotes/main [3ms]
2024-11-22 02:52:52.456 [warning] [Git][revParse] Unable to read file: ENOENT: no such file or directory, open '/workspace/MMaaser.github.io/.git/refs/remotes/origin/main'
2024-11-22 02:52:52.458 [info] > git rev-parse refs/remotes/origin/main [2ms]
2024-11-22 02:52:52.468 [info] > git status -z -uall [6ms]
2024-11-22 02:52:52.470 [info] > git for-each-ref --sort -committerdate --format %(refname) %(objectname) %(*objectname) [3ms]
2024-11-22 02:52:57.484 [info] > git config --get commit.template [7ms]
2024-11-22 02:52:57.485 [info] > git for-each-ref --format=%(refname)%00%(upstream:short)%00%(objectname)%00%(upstream:track)%00%(upstream:remotename)%00%(upstream:remoteref) refs/heads/main refs/remotes/main [2ms]
2024-11-22 02:52:57.491 [warning] [Git][revParse] Unable to read file: ENOENT: no such file or directory, open '/workspace/MMaaser.github.io/.git/refs/remotes/origin/main'
2024-11-22 02:52:57.492 [info] > git rev-parse refs/remotes/origin/main [1ms]
2024-11-22 02:52:57.503 [info] > git status -z -uall [6ms]
2024-11-22 02:52:57.505 [info] > git for-each-ref --sort -committerdate --format %(refname) %(objectname) %(*objectname) [2ms]
2024-11-22 02:53:07.791 [info] > git config --get commit.template [2ms]
2024-11-22 02:53:07.799 [info] > git for-each-ref --format=%(refname)%00%(upstream:short)%00%(objectname)%00%(upstream:track)%00%(upstream:remotename)%00%(upstream:remoteref) refs/heads/main refs/remotes/main [2ms]
2024-11-22 02:53:07.805 [warning] [Git][revParse] Unable to read file: ENOENT: no such file or directory, open '/workspace/MMaaser.github.io/.git/refs/remotes/origin/main'
2024-11-22 02:53:07.807 [info] > git rev-parse refs/remotes/origin/main [2ms]
2024-11-22 02:53:07.817 [info] > git status -z -uall [5ms]
2024-11-22 02:53:07.819 [info] > git for-each-ref --sort -committerdate --format %(refname) %(objectname) %(*objectname) [2ms]
2024-11-22 02:53:41.905 [info] > git config --get commit.template [7ms]
2024-11-22 02:53:41.907 [info] > git for-each-ref --format=%(refname)%00%(upstream:short)%00%(objectname)%00%(upstream:track)%00%(upstream:remotename)%00%(upstream:remoteref) refs/heads/main refs/remotes/main [2ms]
2024-11-22 02:53:41.913 [warning] [Git][revParse] Unable to read file: ENOENT: no such file or directory, open '/workspace/MMaaser.github.io/.git/refs/remotes/origin/main'
2024-11-22 02:53:41.914 [info] > git rev-parse refs/remotes/origin/main [1ms]
2024-11-22 02:53:41.925 [info] > git status -z -uall [6ms]
2024-11-22 02:53:41.927 [info] > git for-each-ref --sort -committerdate --format %(refname) %(objectname) %(*objectname) [3ms]
2024-11-22 02:53:46.971 [info] > git config --get commit.template [6ms]
2024-11-22 02:53:46.973 [info] > git for-each-ref --format=%(refname)%00%(upstream:short)%00%(objectname)%00%(upstream:track)%00%(upstream:remotename)%00%(upstream:remoteref) refs/heads/main refs/remotes/main [2ms]
2024-11-22 02:53:46.978 [warning] [Git][revParse] Unable to read file: ENOENT: no such file or directory, open '/workspace/MMaaser.github.io/.git/refs/remotes/origin/main'
2024-11-22 02:53:46.980 [info] > git rev-parse refs/remotes/origin/main [1ms]
2024-11-22 02:53:46.991 [info] > git status -z -uall [6ms]
2024-11-22 02:53:46.992 [info] > git for-each-ref --sort -committerdate --format %(refname) %(objectname) %(*objectname) [2ms]
2024-11-22 02:54:03.179 [info] > git config --get commit.template [8ms]
2024-11-22 02:54:03.181 [info] > git for-each-ref --format=%(refname)%00%(upstream:short)%00%(objectname)%00%(upstream:track)%00%(upstream:remotename)%00%(upstream:remoteref) refs/heads/main refs/remotes/main [2ms]
2024-11-22 02:54:03.187 [warning] [Git][revParse] Unable to read file: ENOENT: no such file or directory, open '/workspace/MMaaser.github.io/.git/refs/remotes/origin/main'
2024-11-22 02:54:03.189 [info] > git rev-parse refs/remotes/origin/main [2ms]
2024-11-22 02:54:03.271 [info] > git status -z -uall [76ms]
2024-11-22 02:54:03.272 [info] > git for-each-ref --sort -committerdate --format %(refname) %(objectname) %(*objectname) [71ms]
2024-11-22 02:54:09.865 [info] > git config --get commit.template [6ms]
2024-11-22 02:54:09.867 [info] > git for-each-ref --format=%(refname)%00%(upstream:short)%00%(objectname)%00%(upstream:track)%00%(upstream:remotename)%00%(upstream:remoteref) refs/heads/main refs/remotes/main [3ms]
2024-11-22 02:54:09.872 [warning] [Git][revParse] Unable to read file: ENOENT: no such file or directory, open '/workspace/MMaaser.github.io/.git/refs/remotes/origin/main'
2024-11-22 02:54:09.874 [info] > git rev-parse refs/remotes/origin/main [2ms]
2024-11-22 02:54:09.887 [info] > git status -z -uall [7ms]
2024-11-22 02:54:09.888 [info] > git for-each-ref --sort -committerdate --format %(refname) %(objectname) %(*objectname) [2ms]
2024-11-22 02:54:27.085 [info] > git config --get commit.template [7ms]
2024-11-22 02:54:27.087 [info] > git for-each-ref --format=%(refname)%00%(upstream:short)%00%(objectname)%00%(upstream:track)%00%(upstream:remotename)%00%(upstream:remoteref) refs/heads/main refs/remotes/main [3ms]
2024-11-22 02:54:27.092 [warning] [Git][revParse] Unable to read file: ENOENT: no such file or directory, open '/workspace/MMaaser.github.io/.git/refs/remotes/origin/main'
2024-11-22 02:54:27.094 [info] > git rev-parse refs/remotes/origin/main [2ms]
2024-11-22 02:54:27.106 [info] > git status -z -uall [7ms]
2024-11-22 02:54:27.107 [info] > git for-each-ref --sort -committerdate --format %(refname) %(objectname) %(*objectname) [2ms]
2024-11-22 02:54:32.124 [info] > git config --get commit.template [7ms]
2024-11-22 02:54:32.125 [info] > git for-each-ref --format=%(refname)%00%(upstream:short)%00%(objectname)%00%(upstream:track)%00%(upstream:remotename)%00%(upstream:remoteref) refs/heads/main refs/remotes/main [2ms]
2024-11-22 02:54:32.132 [warning] [Git][revParse] Unable to read file: ENOENT: no such file or directory, open '/workspace/MMaaser.github.io/.git/refs/remotes/origin/main'
2024-11-22 02:54:32.134 [info] > git rev-parse refs/remotes/origin/main [2ms]
2024-11-22 02:54:32.146 [info] > git status -z -uall [7ms]
2024-11-22 02:54:32.147 [info] > git for-each-ref --sort -committerdate --format %(refname) %(objectname) %(*objectname) [2ms]
2024-11-22 02:54:51.637 [info] > git config --get commit.template [6ms]
2024-11-22 02:54:51.639 [info] > git for-each-ref --format=%(refname)%00%(upstream:short)%00%(objectname)%00%(upstream:track)%00%(upstream:remotename)%00%(upstream:remoteref) refs/heads/main refs/remotes/main [2ms]
2024-11-22 02:54:51.644 [warning] [Git][revParse] Unable to read file: ENOENT: no such file or directory, open '/workspace/MMaaser.github.io/.git/refs/remotes/origin/main'
2024-11-22 02:54:51.646 [info] > git rev-parse refs/remotes/origin/main [2ms]
2024-11-22 02:54:51.656 [info] > git status -z -uall [4ms]
2024-11-22 02:54:51.657 [info] > git for-each-ref --sort -committerdate --format %(refname) %(objectname) %(*objectname) [2ms]
2024-11-22 02:54:56.670 [info] > git config --get commit.template [5ms]
2024-11-22 02:54:56.671 [info] > git for-each-ref --format=%(refname)%00%(upstream:short)%00%(objectname)%00%(upstream:track)%00%(upstream:remotename)%00%(upstream:remoteref) refs/heads/main refs/remotes/main [2ms]
2024-11-22 02:54:56.677 [warning] [Git][revParse] Unable to read file: ENOENT: no such file or directory, open '/workspace/MMaaser.github.io/.git/refs/remotes/origin/main'
2024-11-22 02:54:56.678 [info] > git rev-parse refs/remotes/origin/main [1ms]
2024-11-22 02:54:56.689 [info] > git status -z -uall [5ms]
2024-11-22 02:54:56.691 [info] > git for-each-ref --sort -committerdate --format %(refname) %(objectname) %(*objectname) [2ms]
2024-11-22 02:55:01.706 [info] > git config --get commit.template [7ms]
2024-11-22 02:55:01.708 [info] > git for-each-ref --format=%(refname)%00%(upstream:short)%00%(objectname)%00%(upstream:track)%00%(upstream:remotename)%00%(upstream:remoteref) refs/heads/main refs/remotes/main [3ms]
2024-11-22 02:55:01.713 [warning] [Git][revParse] Unable to read file: ENOENT: no such file or directory, open '/workspace/MMaaser.github.io/.git/refs/remotes/origin/main'
2024-11-22 02:55:01.715 [info] > git rev-parse refs/remotes/origin/main [2ms]
2024-11-22 02:55:01.727 [info] > git status -z -uall [7ms]
2024-11-22 02:55:01.728 [info] > git for-each-ref --sort -committerdate --format %(refname) %(objectname) %(*objectname) [2ms]
2024-11-22 02:55:12.610 [info] > git config --get commit.template [6ms]
2024-11-22 02:55:12.611 [info] > git for-each-ref --format=%(refname)%00%(upstream:short)%00%(objectname)%00%(upstream:track)%00%(upstream:remotename)%00%(upstream:remoteref) refs/heads/main refs/remotes/main [2ms]
2024-11-22 02:55:12.617 [warning] [Git][revParse] Unable to read file: ENOENT: no such file or directory, open '/workspace/MMaaser.github.io/.git/refs/remotes/origin/main'
2024-11-22 02:55:12.619 [info] > git rev-parse refs/remotes/origin/main [2ms]
2024-11-22 02:55:12.629 [info] > git status -z -uall [5ms]
2024-11-22 02:55:12.630 [info] > git for-each-ref --sort -committerdate --format %(refname) %(objectname) %(*objectname) [2ms]
2024-11-22 02:55:55.996 [info] > git config --get commit.template [7ms]
2024-11-22 02:55:55.998 [info] > git for-each-ref --format=%(refname)%00%(upstream:short)%00%(objectname)%00%(upstream:track)%00%(upstream:remotename)%00%(upstream:remoteref) refs/heads/main refs/remotes/main [3ms]
2024-11-22 02:55:56.002 [warning] [Git][revParse] Unable to read file: ENOENT: no such file or directory, open '/workspace/MMaaser.github.io/.git/refs/remotes/origin/main'
2024-11-22 02:55:56.004 [info] > git rev-parse refs/remotes/origin/main [2ms]
2024-11-22 02:55:56.016 [info] > git status -z -uall [7ms]
2024-11-22 02:55:56.018 [info] > git for-each-ref --sort -committerdate --format %(refname) %(objectname) %(*objectname) [2ms]
2024-11-22 02:56:01.908 [info] > git config --get commit.template [7ms]
2024-11-22 02:56:01.910 [info] > git for-each-ref --format=%(refname)%00%(upstream:short)%00%(objectname)%00%(upstream:track)%00%(upstream:remotename)%00%(upstream:remoteref) refs/heads/main refs/remotes/main [2ms]
2024-11-22 02:56:01.915 [warning] [Git][revParse] Unable to read file: ENOENT: no such file or directory, open '/workspace/MMaaser.github.io/.git/refs/remotes/origin/main'
2024-11-22 02:56:01.917 [info] > git rev-parse refs/remotes/origin/main [2ms]
2024-11-22 02:56:01.929 [info] > git status -z -uall [6ms]
2024-11-22 02:56:01.931 [info] > git for-each-ref --sort -committerdate --format %(refname) %(objectname) %(*objectname) [3ms]
2024-11-22 02:56:13.497 [info] > git config --get commit.template [5ms]
2024-11-22 02:56:13.499 [info] > git for-each-ref --format=%(refname)%00%(upstream:short)%00%(objectname)%00%(upstream:track)%00%(upstream:remotename)%00%(upstream:remoteref) refs/heads/main refs/remotes/main [2ms]
2024-11-22 02:56:13.504 [warning] [Git][revParse] Unable to read file: ENOENT: no such file or directory, open '/workspace/MMaaser.github.io/.git/refs/remotes/origin/main'
2024-11-22 02:56:13.505 [info] > git rev-parse refs/remotes/origin/main [2ms]
2024-11-22 02:56:13.516 [info] > git status -z -uall [6ms]
2024-11-22 02:56:13.517 [info] > git for-each-ref --sort -committerdate --format %(refname) %(objectname) %(*objectname) [2ms]
2024-11-22 02:57:38.353 [info] > git config --get commit.template [7ms]
2024-11-22 02:57:38.354 [info] > git for-each-ref --format=%(refname)%00%(upstream:short)%00%(objectname)%00%(upstream:track)%00%(upstream:remotename)%00%(upstream:remoteref) refs/heads/main refs/remotes/main [2ms]
2024-11-22 02:57:38.360 [warning] [Git][revParse] Unable to read file: ENOENT: no such file or directory, open '/workspace/MMaaser.github.io/.git/refs/remotes/origin/main'
2024-11-22 02:57:38.362 [info] > git rev-parse refs/remotes/origin/main [2ms]
2024-11-22 02:57:38.375 [info] > git status -z -uall [7ms]
2024-11-22 02:57:38.376 [info] > git for-each-ref --sort -committerdate --format %(refname) %(objectname) %(*objectname) [2ms]
2024-11-22 02:57:46.301 [info] > git config --get commit.template [7ms]
2024-11-22 02:57:46.303 [info] > git for-each-ref --format=%(refname)%00%(upstream:short)%00%(objectname)%00%(upstream:track)%00%(upstream:remotename)%00%(upstream:remoteref) refs/heads/main refs/remotes/main [3ms]
2024-11-22 02:57:46.308 [warning] [Git][revParse] Unable to read file: ENOENT: no such file or directory, open '/workspace/MMaaser.github.io/.git/refs/remotes/origin/main'
2024-11-22 02:57:46.310 [info] > git rev-parse refs/remotes/origin/main [2ms]
2024-11-22 02:57:46.321 [info] > git status -z -uall [6ms]
2024-11-22 02:57:46.323 [info] > git for-each-ref --sort -committerdate --format %(refname) %(objectname) %(*objectname) [2ms]
2024-11-22 02:57:51.858 [info] > git config --get commit.template [7ms]
2024-11-22 02:57:51.860 [info] > git for-each-ref --format=%(refname)%00%(upstream:short)%00%(objectname)%00%(upstream:track)%00%(upstream:remotename)%00%(upstream:remoteref) refs/heads/main refs/remotes/main [2ms]
2024-11-22 02:57:51.866 [warning] [Git][revParse] Unable to read file: ENOENT: no such file or directory, open '/workspace/MMaaser.github.io/.git/refs/remotes/origin/main'
2024-11-22 02:57:51.867 [info] > git rev-parse refs/remotes/origin/main [2ms]
2024-11-22 02:57:51.879 [info] > git status -z -uall [6ms]
2024-11-22 02:57:51.880 [info] > git for-each-ref --sort -committerdate --format %(refname) %(objectname) %(*objectname) [2ms]
2024-11-22 02:57:56.898 [info] > git config --get commit.template [8ms]
2024-11-22 02:57:56.900 [info] > git for-each-ref --format=%(refname)%00%(upstream:short)%00%(objectname)%00%(upstream:track)%00%(upstream:remotename)%00%(upstream:remoteref) refs/heads/main refs/remotes/main [3ms]
2024-11-22 02:57:56.907 [warning] [Git][revParse] Unable to read file: ENOENT: no such file or directory, open '/workspace/MMaaser.github.io/.git/refs/remotes/origin/main'
2024-11-22 02:57:56.909 [info] > git rev-parse refs/remotes/origin/main [3ms]
2024-11-22 02:57:56.924 [info] > git status -z -uall [7ms]
2024-11-22 02:57:56.927 [info] > git for-each-ref --sort -committerdate --format %(refname) %(objectname) %(*objectname) [3ms]
2024-11-22 02:58:51.560 [info] > git config --get commit.template [6ms]
2024-11-22 02:58:51.562 [info] > git for-each-ref --format=%(refname)%00%(upstream:short)%00%(objectname)%00%(upstream:track)%00%(upstream:remotename)%00%(upstream:remoteref) refs/heads/main refs/remotes/main [2ms]
2024-11-22 02:58:51.567 [warning] [Git][revParse] Unable to read file: ENOENT: no such file or directory, open '/workspace/MMaaser.github.io/.git/refs/remotes/origin/main'
2024-11-22 02:58:51.568 [info] > git rev-parse refs/remotes/origin/main [1ms]
2024-11-22 02:58:51.580 [info] > git status -z -uall [6ms]
2024-11-22 02:58:51.581 [info] > git for-each-ref --sort -committerdate --format %(refname) %(objectname) %(*objectname) [2ms]
2024-11-22 02:58:59.820 [info] > git config --get commit.template [6ms]
2024-11-22 02:58:59.821 [info] > git for-each-ref --format=%(refname)%00%(upstream:short)%00%(objectname)%00%(upstream:track)%00%(upstream:remotename)%00%(upstream:remoteref) refs/heads/main refs/remotes/main [2ms]
2024-11-22 02:58:59.827 [warning] [Git][revParse] Unable to read file: ENOENT: no such file or directory, open '/workspace/MMaaser.github.io/.git/refs/remotes/origin/main'
2024-11-22 02:58:59.828 [info] > git rev-parse refs/remotes/origin/main [1ms]
2024-11-22 02:58:59.839 [info] > git status -z -uall [6ms]
2024-11-22 02:58:59.841 [info] > git for-each-ref --sort -committerdate --format %(refname) %(objectname) %(*objectname) [2ms]
2024-11-22 02:59:04.854 [info] > git config --get commit.template [6ms]
2024-11-22 02:59:04.856 [info] > git for-each-ref --format=%(refname)%00%(upstream:short)%00%(objectname)%00%(upstream:track)%00%(upstream:remotename)%00%(upstream:remoteref) refs/heads/main refs/remotes/main [3ms]
2024-11-22 02:59:04.861 [warning] [Git][revParse] Unable to read file: ENOENT: no such file or directory, open '/workspace/MMaaser.github.io/.git/refs/remotes/origin/main'
2024-11-22 02:59:04.862 [info] > git rev-parse refs/remotes/origin/main [1ms]
2024-11-22 02:59:04.877 [info] > git status -z -uall [10ms]
2024-11-22 02:59:04.877 [info] > git for-each-ref --sort -committerdate --format %(refname) %(objectname) %(*objectname) [2ms]
2024-11-22 02:59:09.894 [info] > git config --get commit.template [8ms]
2024-11-22 02:59:09.896 [info] > git for-each-ref --format=%(refname)%00%(upstream:short)%00%(objectname)%00%(upstream:track)%00%(upstream:remotename)%00%(upstream:remoteref) refs/heads/main refs/remotes/main [3ms]
2024-11-22 02:59:09.907 [warning] [Git][revParse] Unable to read file: ENOENT: no such file or directory, open '/workspace/MMaaser.github.io/.git/refs/remotes/origin/main'
2024-11-22 02:59:09.908 [info] > git rev-parse refs/remotes/origin/main [1ms]
2024-11-22 02:59:09.919 [info] > git status -z -uall [6ms]
2024-11-22 02:59:09.920 [info] > git for-each-ref --sort -committerdate --format %(refname) %(objectname) %(*objectname) [2ms]
2024-11-22 02:59:16.083 [info] > git config --get commit.template [7ms]
2024-11-22 02:59:16.084 [info] > git for-each-ref --format=%(refname)%00%(upstream:short)%00%(objectname)%00%(upstream:track)%00%(upstream:remotename)%00%(upstream:remoteref) refs/heads/main refs/remotes/main [2ms]
2024-11-22 02:59:16.091 [warning] [Git][revParse] Unable to read file: ENOENT: no such file or directory, open '/workspace/MMaaser.github.io/.git/refs/remotes/origin/main'
2024-11-22 02:59:16.092 [info] > git rev-parse refs/remotes/origin/main [1ms]
2024-11-22 02:59:16.103 [info] > git status -z -uall [6ms]
2024-11-22 02:59:16.104 [info] > git for-each-ref --sort -committerdate --format %(refname) %(objectname) %(*objectname) [2ms]
2024-11-22 02:59:26.159 [info] > git config --get commit.template [6ms]
2024-11-22 02:59:26.160 [info] > git for-each-ref --format=%(refname)%00%(upstream:short)%00%(objectname)%00%(upstream:track)%00%(upstream:remotename)%00%(upstream:remoteref) refs/heads/main refs/remotes/main [2ms]
2024-11-22 02:59:26.165 [warning] [Git][revParse] Unable to read file: ENOENT: no such file or directory, open '/workspace/MMaaser.github.io/.git/refs/remotes/origin/main'
2024-11-22 02:59:26.167 [info] > git rev-parse refs/remotes/origin/main [2ms]
2024-11-22 02:59:26.178 [info] > git status -z -uall [6ms]
2024-11-22 02:59:26.180 [info] > git for-each-ref --sort -committerdate --format %(refname) %(objectname) %(*objectname) [2ms]
2024-11-22 02:59:47.576 [info] > git config --get commit.template [5ms]
2024-11-22 02:59:47.577 [info] > git for-each-ref --format=%(refname)%00%(upstream:short)%00%(objectname)%00%(upstream:track)%00%(upstream:remotename)%00%(upstream:remoteref) refs/heads/main refs/remotes/main [2ms]
2024-11-22 02:59:47.581 [warning] [Git][revParse] Unable to read file: ENOENT: no such file or directory, open '/workspace/MMaaser.github.io/.git/refs/remotes/origin/main'
2024-11-22 02:59:47.583 [info] > git rev-parse refs/remotes/origin/main [2ms]
2024-11-22 02:59:47.592 [info] > git status -z -uall [5ms]
2024-11-22 02:59:47.594 [info] > git for-each-ref --sort -committerdate --format %(refname) %(objectname) %(*objectname) [2ms]
