2024-11-19 19:33:29.784 [info] [main] Log level: Info
2024-11-19 19:33:29.784 [info] [main] Validating found git in: "git"
2024-11-19 19:33:29.784 [info] [main] Using git "2.46.0" from "git"
2024-11-19 19:33:29.784 [info] [Model][doInitialScan] Initial repository scan started
2024-11-19 19:33:29.784 [info] > git rev-parse --show-toplevel [3ms]
2024-11-19 19:33:29.784 [info] > git rev-parse --git-dir --git-common-dir [175ms]
2024-11-19 19:33:29.784 [info] [Model][openRepository] Opened repository: /workspace/MMaaser.github.io
2024-11-19 19:33:29.784 [info] > git rev-parse --show-toplevel [215ms]
2024-11-19 19:33:29.784 [info] > git config --get commit.template [220ms]
2024-11-19 19:33:29.784 [info] > git rev-parse --show-toplevel [59ms]
2024-11-19 19:33:29.784 [info] > git for-each-ref --format=%(refname)%00%(upstream:short)%00%(objectname)%00%(upstream:track)%00%(upstream:remotename)%00%(upstream:remoteref) refs/heads/main refs/remotes/main [3ms]
2024-11-19 19:33:29.784 [warning] [Git][revParse] Unable to read file: ENOENT: no such file or directory, open '/workspace/MMaaser.github.io/.git/refs/remotes/origin/main'
2024-11-19 19:33:29.784 [info] > git rev-parse --show-toplevel [10ms]
2024-11-19 19:33:29.784 [info] > git rev-parse refs/remotes/origin/main [28ms]
2024-11-19 19:33:29.784 [info] > git status -z -uall [12ms]
2024-11-19 19:33:29.784 [info] > git rev-parse --show-toplevel [66ms]
2024-11-19 19:33:29.784 [info] > git for-each-ref --sort -committerdate --format %(refname) %(objectname) %(*objectname) [18ms]
2024-11-19 19:33:29.784 [info] > git for-each-ref --format=%(refname)%00%(upstream:short)%00%(objectname)%00%(upstream:track)%00%(upstream:remotename)%00%(upstream:remoteref) refs/heads/main refs/remotes/main [13ms]
2024-11-19 19:33:29.784 [info] > git rev-parse --show-toplevel [101ms]
2024-11-19 19:33:29.784 [info] > git config --get commit.template [89ms]
2024-11-19 19:33:29.784 [info] > git rev-parse --show-toplevel [6ms]
2024-11-19 19:33:29.784 [info] > git config --local branch.main.vscode-merge-base [84ms]
2024-11-19 19:33:29.784 [info] > git for-each-ref --format=%(refname)%00%(upstream:short)%00%(objectname)%00%(upstream:track)%00%(upstream:remotename)%00%(upstream:remoteref) refs/heads/main refs/remotes/main [6ms]
2024-11-19 19:33:29.784 [info] > git for-each-ref --format=%(refname)%00%(upstream:short)%00%(objectname)%00%(upstream:track)%00%(upstream:remotename)%00%(upstream:remoteref) refs/heads/origin/main refs/remotes/origin/main [12ms]
2024-11-19 19:33:29.784 [warning] [Git][revParse] Unable to read file: ENOENT: no such file or directory, open '/workspace/MMaaser.github.io/.git/refs/remotes/origin/main'
2024-11-19 19:33:29.784 [info] > git merge-base refs/heads/main refs/remotes/origin/main [83ms]
2024-11-19 19:33:29.784 [info] > git rev-parse --show-toplevel [95ms]
2024-11-19 19:33:29.784 [info] > git rev-parse refs/remotes/origin/main [10ms]
2024-11-19 19:33:29.784 [info] > git status -z -uall [6ms]
2024-11-19 19:33:29.784 [info] > git rev-parse --show-toplevel [10ms]
2024-11-19 19:33:29.784 [info] [Model][doInitialScan] Initial repository scan completed - repositories (1), closed repositories (0), parent repositories (0), unsafe repositories (0)
2024-11-19 19:33:29.784 [info] > git diff --name-status -z --diff-filter=ADMR 799a6d0026c5692e82c89eb44abfaf49b6a45d84...refs/remotes/origin/main [16ms]
2024-11-19 19:33:29.784 [info] > git for-each-ref --sort -committerdate --format %(refname) %(objectname) %(*objectname) [4ms]
2024-11-19 19:33:30.328 [info] > git check-ignore -v -z --stdin [33ms]
2024-11-19 19:33:30.328 [info] > git show --textconv :src/scenes/Level.js [26ms]
2024-11-19 19:33:30.329 [info] > git ls-files --stage -- /workspace/MMaaser.github.io/src/scenes/Level.js [23ms]
2024-11-19 19:33:30.380 [info] > git cat-file -s 083ae978787136f6a54f766da7cc58bf85996951 [3ms]
2024-11-19 19:33:32.186 [info] > git config --local branch.main.github-pr-owner-number [2ms]
2024-11-19 19:33:32.186 [warning] [Git][config] git config failed: Failed to execute git
2024-11-19 19:34:46.621 [info] > git check-ignore -v -z --stdin [2ms]
2024-11-19 19:34:47.876 [info] > git log --format=%H%n%aN%n%aE%n%at%n%ct%n%P%n%D%n%B -z --shortstat --diff-merges=first-parent -n50 --skip=0 --topo-order --decorate=full --stdin [1776ms]
2024-11-19 19:34:54.180 [info] > git add -A -- . [4ms]
2024-11-19 19:34:54.764 [info] > git show --textconv :.git/COMMIT_EDITMSG [4ms]
2024-11-19 19:34:54.765 [info] > git ls-files --stage -- /workspace/MMaaser.github.io/.git/COMMIT_EDITMSG [1ms]
2024-11-19 19:34:55.014 [info] > git check-ignore -v -z --stdin [1ms]
2024-11-19 19:34:55.534 [info] > git ls-files --stage -- /workspace/MMaaser.github.io/.git/COMMIT_EDITMSG [2ms]
2024-11-19 19:34:55.601 [info] > git show --textconv :.git/COMMIT_EDITMSG [2ms]
2024-11-19 19:35:04.579 [info] > git ls-files --stage -- /workspace/MMaaser.github.io/.git/COMMIT_EDITMSG [2ms]
2024-11-19 19:35:04.644 [info] > git show --textconv :.git/COMMIT_EDITMSG [2ms]
2024-11-19 19:35:07.735 [info] > git ls-files --stage -- /workspace/MMaaser.github.io/.git/COMMIT_EDITMSG [2ms]
2024-11-19 19:35:07.811 [info] > git show --textconv :.git/COMMIT_EDITMSG [1ms]
2024-11-19 19:35:08.273 [info] > git -c user.useConfigOnly=true commit --quiet [14088ms]
2024-11-19 19:35:08.283 [info] > git config --get commit.template [5ms]
2024-11-19 19:35:08.285 [info] > git for-each-ref --format=%(refname)%00%(upstream:short)%00%(objectname)%00%(upstream:track)%00%(upstream:remotename)%00%(upstream:remoteref) refs/heads/main refs/remotes/main [3ms]
2024-11-19 19:35:08.289 [warning] [Git][revParse] Unable to read file: ENOENT: no such file or directory, open '/workspace/MMaaser.github.io/.git/refs/remotes/origin/main'
2024-11-19 19:35:08.290 [info] > git rev-parse refs/remotes/origin/main [1ms]
2024-11-19 19:35:08.300 [info] > git status -z -uall [6ms]
2024-11-19 19:35:08.301 [info] > git for-each-ref --sort -committerdate --format %(refname) %(objectname) %(*objectname) [2ms]
2024-11-19 19:35:08.320 [info] > git merge-base refs/heads/main refs/remotes/origin/main [11ms]
2024-11-19 19:35:08.327 [info] > git diff --name-status -z --diff-filter=ADMR 799a6d0026c5692e82c89eb44abfaf49b6a45d84...refs/remotes/origin/main [2ms]
2024-11-19 19:35:08.445 [info] > git config --local branch.main.github-pr-owner-number [1ms]
2024-11-19 19:35:08.445 [warning] [Git][config] git config failed: Failed to execute git
2024-11-19 19:35:08.553 [info] > git show --textconv :src/scenes/Level.js [5ms]
2024-11-19 19:35:08.554 [info] > git ls-files --stage -- /workspace/MMaaser.github.io/src/scenes/Level.js [1ms]
2024-11-19 19:35:08.560 [info] > git cat-file -s 0b2889a051c78fe5794c91a8e7d8f6a8465b3314 [2ms]
2024-11-19 19:35:08.656 [info] > git push origin main:main [338ms]
2024-11-19 19:35:08.656 [info] remote: Permission to MMaaser/MMaaser.github.io.git denied to MMaaser.
fatal: unable to access 'https://github.com/MMaaser/MMaaser.github.io.git/': The requested URL returned error: 403
2024-11-19 19:35:10.211 [info] > git log --format=%H%n%aN%n%aE%n%at%n%ct%n%P%n%D%n%B -z --shortstat --diff-merges=first-parent -n50 --skip=0 --topo-order --decorate=full --stdin [1774ms]
2024-11-19 19:35:23.465 [info] > git config --get commit.template [5ms]
2024-11-19 19:35:23.466 [info] > git for-each-ref --format=%(refname)%00%(upstream:short)%00%(objectname)%00%(upstream:track)%00%(upstream:remotename)%00%(upstream:remoteref) refs/heads/main refs/remotes/main [2ms]
2024-11-19 19:35:23.470 [warning] [Git][revParse] Unable to read file: ENOENT: no such file or directory, open '/workspace/MMaaser.github.io/.git/refs/remotes/origin/main'
2024-11-19 19:35:23.472 [info] > git rev-parse refs/remotes/origin/main [2ms]
2024-11-19 19:35:23.482 [info] > git status -z -uall [5ms]
2024-11-19 19:35:23.483 [info] > git for-each-ref --sort -committerdate --format %(refname) %(objectname) %(*objectname) [2ms]
2024-11-19 19:35:23.659 [info] > git config --get commit.template [4ms]
2024-11-19 19:35:23.661 [info] > git for-each-ref --format=%(refname)%00%(upstream:short)%00%(objectname)%00%(upstream:track)%00%(upstream:remotename)%00%(upstream:remoteref) refs/heads/main refs/remotes/main [2ms]
2024-11-19 19:35:23.665 [warning] [Git][revParse] Unable to read file: ENOENT: no such file or directory, open '/workspace/MMaaser.github.io/.git/refs/remotes/origin/main'
2024-11-19 19:35:23.666 [info] > git rev-parse refs/remotes/origin/main [1ms]
2024-11-19 19:35:23.676 [info] > git status -z -uall [5ms]
2024-11-19 19:35:23.678 [info] > git for-each-ref --sort -committerdate --format %(refname) %(objectname) %(*objectname) [2ms]
2024-11-19 19:38:09.083 [info] > git check-ignore -v -z --stdin [2ms]
2024-11-19 19:39:10.726 [info] > git show --textconv :src/main.js [4ms]
2024-11-19 19:39:10.727 [info] > git ls-files --stage -- /workspace/MMaaser.github.io/src/main.js [1ms]
2024-11-19 19:39:10.733 [info] > git cat-file -s c29b3331b1d20557bde1ab51857a9aa76a8cb661 [2ms]
