2024-11-21 21:50:05.283 [info] Log level: Info
2024-11-21 21:50:05.284 [info] VSCODE_MACHINE_ID: 36b0480c-ad50-4189-aa31-f48c5bb67b78
2024-11-21 21:50:05.284 [info] VSCODE_SESSION_ID: 48500bfe-0b8d-4c26-a5e5-822b5cfdb57e1732225801265
2024-11-21 21:50:05.284 [info] VSCODE_VERSION: 1.95.3
2024-11-21 21:50:05.284 [info] VSCODE_APP_NAME: Gitpod Code
2024-11-21 21:50:05.284 [info] VSCODE_APP_HOST: Gitpod
2024-11-21 21:50:05.284 [info] VSCODE_UI_KIND: web
2024-11-21 21:50:05.284 [info] GITPOD_WORKSPACE_CONTEXT_URL: https://github.com/MMaaser/MMaaser.github.io
2024-11-21 21:50:05.284 [info] GITPOD_INSTANCE_ID: 68428cd9-114b-439b-af32-5012704a8908
2024-11-21 21:50:05.284 [info] GITPOD_WORKSPACE_URL: https://mmaaser-mmaasergithubio-bf7ivegmcn6.ws-us116.gitpod.io
2024-11-21 21:50:05.284 [info] Gitpod Web 7ff72a2
2024-11-21 21:50:05.284 [info] Reading sessions from keychain...
2024-11-21 21:50:05.984 [info] Getting sessions for all scopes...
2024-11-21 21:50:05.984 [info] Getting sessions for all scopes...
2024-11-21 21:50:05.984 [info] Getting GitHub sessions for all scopes...
2024-11-21 21:50:05.984 [info] Getting sessions for function:accessCodeSyncStorage...
2024-11-21 21:50:05.984 [info] Got 1 GitHub sessions for all scopes...
2024-11-21 21:50:05.984 [info] Got stored sessions!
2024-11-21 21:50:05.984 [info] Verified session with the following scopes: function:accessCodeSyncStorage function:closePort function:controlAdmission function:deleteEnvVar function:generateNewGitpodToken function:getDefaultWorkspaceImage function:getGitpodTokenScopes function:getIDToken function:getLoggedInUser function:getOpenPorts function:getSupportedWorkspaceClasses function:getTeams function:getToken function:getWorkspace function:getWorkspaceEnvVars function:getWorkspaceOwner function:getWorkspaceTimeout function:getWorkspaceUsers function:guessGitTokenScopes function:isWorkspaceOwner function:openPort function:sendHeartBeat function:setEnvVar function:setWorkspaceTimeout function:stopWorkspace function:takeSnapshot function:trackEvent function:updateGitStatus function:waitForSnapshot resource:contentBlob::*::create/get resource:envVar::*/**::update resource:envVar::*/*::update resource:envVar::MMaaser/MMaaser.github.io::create/get/update/delete resource:gitpodToken::*::create resource:snapshot::ws-mmaaser-mmaasergithubio-bf7ivegmcn6::create resource:token::*::get resource:userStorage::*::create/get/update resource:workspace::mmaaser-mmaasergithubio-bf7ivegmcn6::get/update resource:workspaceInstance::68428cd9-114b-439b-af32-5012704a8908::get/update/delete
2024-11-21 21:50:05.984 [info] Got 1 verified sessions.
2024-11-21 21:50:05.984 [info] Got 1 sessions for all scopes...
2024-11-21 21:50:05.984 [info] Got 1 sessions for all scopes...
2024-11-21 21:50:05.984 [info] Got 1 sessions for function:accessCodeSyncStorage...
2024-11-21 21:50:07.500 [info] Getting GitHub sessions for all scopes...
2024-11-21 21:50:07.500 [info] Getting GitHub sessions for all scopes...
2024-11-21 21:50:07.500 [info] Getting sessions for all scopes...
2024-11-21 21:50:07.500 [info] Got 1 GitHub sessions for all scopes...
2024-11-21 21:50:07.500 [info] Got 1 GitHub sessions for all scopes...
2024-11-21 21:50:07.500 [info] Got 1 sessions for all scopes...
2024-11-21 21:50:07.795 [info] Getting sessions for all scopes...
2024-11-21 21:50:07.795 [info] Getting GitHub sessions for all scopes...
2024-11-21 21:50:07.795 [info] Got 1 sessions for all scopes...
2024-11-21 21:50:07.795 [info] Got 1 GitHub sessions for all scopes...
2024-11-21 21:50:07.883 [info] Getting GitHub sessions for read:user,repo,user:email,workflow...
2024-11-21 21:50:07.883 [info] Got 0 GitHub sessions for read:user,repo,user:email,workflow...
2024-11-21 21:50:08.562 [info] Getting GitHub sessions for project,read:org,read:user,repo,user:email,workflow...
2024-11-21 21:50:08.562 [info] Got 0 GitHub sessions for project,read:org,read:user,repo,user:email,workflow...
2024-11-21 21:50:08.908 [info] Getting GitHub sessions for read:user,repo,user:email,workflow...
2024-11-21 21:50:08.908 [info] Got 0 GitHub sessions for read:user,repo,user:email,workflow...
2024-11-21 21:50:09.266 [info] Getting GitHub sessions for read:user,repo,user:email...
2024-11-21 21:50:09.266 [info] Got 0 GitHub sessions for read:user,repo,user:email...
2024-11-21 21:50:09.604 [info] Getting GitHub sessions for read:user,repo,user:email,workflow...
2024-11-21 21:50:09.604 [info] Got 0 GitHub sessions for read:user,repo,user:email,workflow...
