2024-11-19 19:48:55.498 [info] Log level: Info
2024-11-19 19:48:55.498 [info] VSCODE_MACHINE_ID: 36b0480c-ad50-4189-aa31-f48c5bb67b78
2024-11-19 19:48:55.498 [info] VSCODE_SESSION_ID: 5958d1c1-7480-44f0-be24-404f9af9fdb11732045731624
2024-11-19 19:48:55.498 [info] VSCODE_VERSION: 1.96.0-insider
2024-11-19 19:48:55.498 [info] VSCODE_APP_NAME: Gitpod Code - Insiders
2024-11-19 19:48:55.498 [info] VSCODE_APP_HOST: Gitpod
2024-11-19 19:48:55.498 [info] VSCODE_UI_KIND: web
2024-11-19 19:48:55.498 [info] GITPOD_WORKSPACE_CONTEXT_URL: https://github.com/MMaaser/MMaaser.github.io
2024-11-19 19:48:55.498 [info] GITPOD_INSTANCE_ID: 0d3f96d4-4620-402b-acd6-c2768980cf24
2024-11-19 19:48:55.498 [info] GITPOD_WORKSPACE_URL: https://mmaaser-mmaasergithubio-bf7ivegmcn6.ws-us116.gitpod.io
2024-11-19 19:48:55.498 [info] Gitpod Web 7ff72a2
2024-11-19 19:48:55.498 [info] Reading sessions from keychain...
2024-11-19 19:48:55.734 [info] Getting sessions for all scopes...
2024-11-19 19:48:55.734 [info] Getting sessions for all scopes...
2024-11-19 19:48:55.734 [info] Getting GitHub sessions for all scopes...
2024-11-19 19:48:55.734 [info] Getting sessions for function:accessCodeSyncStorage...
2024-11-19 19:48:55.734 [info] Got stored sessions!
2024-11-19 19:48:55.735 [info] Verified session with the following scopes: function:accessCodeSyncStorage function:closePort function:controlAdmission function:deleteEnvVar function:generateNewGitpodToken function:getDefaultWorkspaceImage function:getGitpodTokenScopes function:getIDToken function:getLoggedInUser function:getOpenPorts function:getSupportedWorkspaceClasses function:getTeams function:getToken function:getWorkspace function:getWorkspaceEnvVars function:getWorkspaceOwner function:getWorkspaceTimeout function:getWorkspaceUsers function:guessGitTokenScopes function:isWorkspaceOwner function:openPort function:sendHeartBeat function:setEnvVar function:setWorkspaceTimeout function:stopWorkspace function:takeSnapshot function:trackEvent function:updateGitStatus function:waitForSnapshot resource:contentBlob::*::create/get resource:envVar::*/**::update resource:envVar::*/*::update resource:envVar::MMaaser/MMaaser.github.io::create/get/update/delete resource:gitpodToken::*::create resource:snapshot::ws-mmaaser-mmaasergithubio-bf7ivegmcn6::create resource:token::*::get resource:userStorage::*::create/get/update resource:workspace::mmaaser-mmaasergithubio-bf7ivegmcn6::get/update resource:workspaceInstance::0d3f96d4-4620-402b-acd6-c2768980cf24::get/update/delete
2024-11-19 19:48:55.737 [info] Got 1 verified sessions.
2024-11-19 19:48:55.737 [info] Got 1 sessions for all scopes...
2024-11-19 19:48:55.737 [info] Got 1 sessions for all scopes...
2024-11-19 19:48:55.737 [info] Got 1 sessions for function:accessCodeSyncStorage...
2024-11-19 19:48:55.859 [info] Got 1 GitHub sessions for all scopes...
2024-11-19 19:48:56.493 [info] Getting GitHub sessions for all scopes...
2024-11-19 19:48:56.493 [info] Getting sessions for all scopes...
2024-11-19 19:48:56.494 [info] Got 1 GitHub sessions for all scopes...
2024-11-19 19:48:56.494 [info] Got 1 sessions for all scopes...
2024-11-19 19:48:56.498 [info] Getting GitHub sessions for all scopes...
2024-11-19 19:48:56.498 [info] Got 1 GitHub sessions for all scopes...
2024-11-19 19:48:56.781 [info] Getting GitHub sessions for read:user,repo,user:email,workflow...
2024-11-19 19:48:56.781 [info] Got 0 GitHub sessions for read:user,repo,user:email,workflow...
2024-11-19 19:48:57.269 [info] Getting GitHub sessions for project,read:org,read:user,repo,user:email,workflow...
2024-11-19 19:48:57.269 [info] Got 0 GitHub sessions for project,read:org,read:user,repo,user:email,workflow...
2024-11-19 19:48:57.748 [info] Getting GitHub sessions for read:user,repo,user:email,workflow...
2024-11-19 19:48:57.748 [info] Got 0 GitHub sessions for read:user,repo,user:email,workflow...
2024-11-19 19:48:57.831 [info] Getting sessions for all scopes...
2024-11-19 19:48:57.831 [info] Getting GitHub sessions for all scopes...
2024-11-19 19:48:57.831 [info] Got 1 sessions for all scopes...
2024-11-19 19:48:57.831 [info] Got 1 GitHub sessions for all scopes...
2024-11-19 19:48:58.003 [info] Getting GitHub sessions for read:user,repo,user:email...
2024-11-19 19:48:58.003 [info] Got 0 GitHub sessions for read:user,repo,user:email...
2024-11-19 19:48:58.185 [info] Getting GitHub sessions for read:user,repo,user:email,workflow...
2024-11-19 19:48:58.185 [info] Got 0 GitHub sessions for read:user,repo,user:email,workflow...
