2024-11-20 18:34:48.381 [info] Log level: Info
2024-11-20 18:34:48.382 [info] VSCODE_MACHINE_ID: 36b0480c-ad50-4189-aa31-f48c5bb67b78
2024-11-20 18:34:48.382 [info] VSCODE_SESSION_ID: b83599b9-8af0-41d9-8515-c31f82a414261732127684024
2024-11-20 18:34:48.382 [info] VSCODE_VERSION: 1.95.3
2024-11-20 18:34:48.382 [info] VSCODE_APP_NAME: Gitpod Code
2024-11-20 18:34:48.382 [info] VSCODE_APP_HOST: Gitpod
2024-11-20 18:34:48.382 [info] VSCODE_UI_KIND: web
2024-11-20 18:34:48.382 [info] GITPOD_WORKSPACE_CONTEXT_URL: https://github.com/MMaaser/MMaaser.github.io
2024-11-20 18:34:48.382 [info] GITPOD_INSTANCE_ID: 30450b1a-231c-49a1-8c4f-5ed95d17c897
2024-11-20 18:34:48.382 [info] GITPOD_WORKSPACE_URL: https://mmaaser-mmaasergithubio-bf7ivegmcn6.ws-us116.gitpod.io
2024-11-20 18:34:48.382 [info] Gitpod Web 7ff72a2
2024-11-20 18:34:48.382 [info] Reading sessions from keychain...
2024-11-20 18:34:49.569 [info] Getting sessions for all scopes...
2024-11-20 18:34:49.569 [info] Getting sessions for all scopes...
2024-11-20 18:34:49.569 [info] Getting sessions for function:accessCodeSyncStorage...
2024-11-20 18:34:49.569 [info] Getting GitHub sessions for all scopes...
2024-11-20 18:34:49.569 [info] Getting sessions for function:accessCodeSyncStorage...
2024-11-20 18:34:49.569 [info] Getting sessions for function:accessCodeSyncStorage...
2024-11-20 18:34:49.569 [info] Getting sessions for function:accessCodeSyncStorage...
2024-11-20 18:34:49.569 [info] Got 1 GitHub sessions for all scopes...
2024-11-20 18:34:49.570 [info] Got stored sessions!
2024-11-20 18:34:49.570 [info] Verified session with the following scopes: function:accessCodeSyncStorage function:closePort function:controlAdmission function:deleteEnvVar function:generateNewGitpodToken function:getDefaultWorkspaceImage function:getGitpodTokenScopes function:getIDToken function:getLoggedInUser function:getOpenPorts function:getSupportedWorkspaceClasses function:getTeams function:getToken function:getWorkspace function:getWorkspaceEnvVars function:getWorkspaceOwner function:getWorkspaceTimeout function:getWorkspaceUsers function:guessGitTokenScopes function:isWorkspaceOwner function:openPort function:sendHeartBeat function:setEnvVar function:setWorkspaceTimeout function:stopWorkspace function:takeSnapshot function:trackEvent function:updateGitStatus function:waitForSnapshot resource:contentBlob::*::create/get resource:envVar::*/**::update resource:envVar::*/*::update resource:envVar::MMaaser/MMaaser.github.io::create/get/update/delete resource:gitpodToken::*::create resource:snapshot::ws-mmaaser-mmaasergithubio-bf7ivegmcn6::create resource:token::*::get resource:userStorage::*::create/get/update resource:workspace::mmaaser-mmaasergithubio-bf7ivegmcn6::get/update resource:workspaceInstance::30450b1a-231c-49a1-8c4f-5ed95d17c897::get/update/delete
2024-11-20 18:34:49.570 [info] Got 1 verified sessions.
2024-11-20 18:34:49.570 [info] Got 1 sessions for all scopes...
2024-11-20 18:34:49.571 [info] Got 1 sessions for all scopes...
2024-11-20 18:34:49.571 [info] Got 1 sessions for function:accessCodeSyncStorage...
2024-11-20 18:34:49.571 [info] Got 1 sessions for function:accessCodeSyncStorage...
2024-11-20 18:34:49.571 [info] Got 1 sessions for function:accessCodeSyncStorage...
2024-11-20 18:34:49.571 [info] Got 1 sessions for function:accessCodeSyncStorage...
2024-11-20 18:34:51.171 [info] Getting GitHub sessions for all scopes...
2024-11-20 18:34:51.171 [info] Getting GitHub sessions for all scopes...
2024-11-20 18:34:51.171 [info] Getting sessions for all scopes...
2024-11-20 18:34:51.171 [info] Got 1 GitHub sessions for all scopes...
2024-11-20 18:34:51.171 [info] Got 1 GitHub sessions for all scopes...
2024-11-20 18:34:51.171 [info] Got 1 sessions for all scopes...
2024-11-20 18:34:51.806 [info] Getting sessions for all scopes...
2024-11-20 18:34:51.806 [info] Getting GitHub sessions for all scopes...
2024-11-20 18:34:51.806 [info] Got 1 sessions for all scopes...
2024-11-20 18:34:51.806 [info] Got 1 GitHub sessions for all scopes...
2024-11-20 18:34:51.883 [info] Getting GitHub sessions for read:user,repo,user:email,workflow...
2024-11-20 18:34:51.883 [info] Got 0 GitHub sessions for read:user,repo,user:email,workflow...
2024-11-20 18:34:52.421 [info] Getting GitHub sessions for project,read:org,read:user,repo,user:email,workflow...
2024-11-20 18:34:52.421 [info] Got 0 GitHub sessions for project,read:org,read:user,repo,user:email,workflow...
2024-11-20 18:34:52.836 [info] Getting GitHub sessions for read:user,repo,user:email,workflow...
2024-11-20 18:34:52.836 [info] Got 0 GitHub sessions for read:user,repo,user:email,workflow...
2024-11-20 18:34:53.040 [info] Getting GitHub sessions for read:user,repo,user:email...
2024-11-20 18:34:53.040 [info] Got 0 GitHub sessions for read:user,repo,user:email...
2024-11-20 18:34:53.286 [info] Getting GitHub sessions for read:user,repo,user:email,workflow...
2024-11-20 18:34:53.286 [info] Got 0 GitHub sessions for read:user,repo,user:email,workflow...
