2024-11-20 12:54:21.029 [info] Log level: Info
2024-11-20 12:54:21.049 [info] VSCODE_MACHINE_ID: 36b0480c-ad50-4189-aa31-f48c5bb67b78
2024-11-20 12:54:21.049 [info] VSCODE_SESSION_ID: 3ec8381e-5fb5-45c4-ab01-4dab917d59601732107256012
2024-11-20 12:54:21.049 [info] VSCODE_VERSION: 1.95.3
2024-11-20 12:54:21.049 [info] VSCODE_APP_NAME: Gitpod Code
2024-11-20 12:54:21.049 [info] VSCODE_APP_HOST: Gitpod
2024-11-20 12:54:21.049 [info] VSCODE_UI_KIND: web
2024-11-20 12:54:21.049 [info] GITPOD_WORKSPACE_CONTEXT_URL: https://github.com/MMaaser/MMaaser.github.io
2024-11-20 12:54:21.049 [info] GITPOD_INSTANCE_ID: 3ec21675-63a1-4e93-bc35-9de0fbbb1887
2024-11-20 12:54:21.049 [info] GITPOD_WORKSPACE_URL: https://mmaaser-mmaasergithubio-bf7ivegmcn6.ws-us116.gitpod.io
2024-11-20 12:54:21.077 [info] Gitpod Web 7ff72a2
2024-11-20 12:54:21.077 [info] Reading sessions from keychain...
2024-11-20 12:54:21.874 [info] Getting sessions for all scopes...
2024-11-20 12:54:21.874 [info] Getting sessions for all scopes...
2024-11-20 12:54:21.874 [info] Getting sessions for function:accessCodeSyncStorage...
2024-11-20 12:54:21.874 [info] Getting GitHub sessions for all scopes...
2024-11-20 12:54:21.874 [info] Getting sessions for function:accessCodeSyncStorage...
2024-11-20 12:54:21.874 [info] Getting sessions for function:accessCodeSyncStorage...
2024-11-20 12:54:21.874 [info] Getting sessions for function:accessCodeSyncStorage...
2024-11-20 12:54:21.874 [info] Got 1 GitHub sessions for all scopes...
2024-11-20 12:54:21.875 [info] Got stored sessions!
2024-11-20 12:54:21.875 [info] Verified session with the following scopes: function:accessCodeSyncStorage function:closePort function:controlAdmission function:deleteEnvVar function:generateNewGitpodToken function:getDefaultWorkspaceImage function:getGitpodTokenScopes function:getIDToken function:getLoggedInUser function:getOpenPorts function:getSupportedWorkspaceClasses function:getTeams function:getToken function:getWorkspace function:getWorkspaceEnvVars function:getWorkspaceOwner function:getWorkspaceTimeout function:getWorkspaceUsers function:guessGitTokenScopes function:isWorkspaceOwner function:openPort function:sendHeartBeat function:setEnvVar function:setWorkspaceTimeout function:stopWorkspace function:takeSnapshot function:trackEvent function:updateGitStatus function:waitForSnapshot resource:contentBlob::*::create/get resource:envVar::*/**::update resource:envVar::*/*::update resource:envVar::MMaaser/MMaaser.github.io::create/get/update/delete resource:gitpodToken::*::create resource:snapshot::ws-mmaaser-mmaasergithubio-bf7ivegmcn6::create resource:token::*::get resource:userStorage::*::create/get/update resource:workspace::mmaaser-mmaasergithubio-bf7ivegmcn6::get/update resource:workspaceInstance::3ec21675-63a1-4e93-bc35-9de0fbbb1887::get/update/delete
2024-11-20 12:54:21.878 [info] Got 1 verified sessions.
2024-11-20 12:54:21.878 [info] Got 1 sessions for all scopes...
2024-11-20 12:54:21.878 [info] Got 1 sessions for all scopes...
2024-11-20 12:54:21.878 [info] Got 1 sessions for function:accessCodeSyncStorage...
2024-11-20 12:54:21.878 [info] Got 1 sessions for function:accessCodeSyncStorage...
2024-11-20 12:54:21.878 [info] Got 1 sessions for function:accessCodeSyncStorage...
2024-11-20 12:54:21.878 [info] Got 1 sessions for function:accessCodeSyncStorage...
2024-11-20 12:54:22.189 [info] Getting GitHub sessions for all scopes...
2024-11-20 12:54:22.190 [info] Getting GitHub sessions for all scopes...
2024-11-20 12:54:22.190 [info] Getting sessions for all scopes...
2024-11-20 12:54:22.190 [info] Got 1 GitHub sessions for all scopes...
2024-11-20 12:54:22.190 [info] Got 1 GitHub sessions for all scopes...
2024-11-20 12:54:22.190 [info] Got 1 sessions for all scopes...
2024-11-20 12:54:22.379 [info] Getting GitHub sessions for read:user,repo,user:email,workflow...
2024-11-20 12:54:22.379 [info] Got 0 GitHub sessions for read:user,repo,user:email,workflow...
2024-11-20 12:54:22.711 [info] Getting GitHub sessions for project,read:org,read:user,repo,user:email,workflow...
2024-11-20 12:54:22.711 [info] Got 0 GitHub sessions for project,read:org,read:user,repo,user:email,workflow...
2024-11-20 12:54:23.200 [info] Getting GitHub sessions for read:user,repo,user:email,workflow...
2024-11-20 12:54:23.200 [info] Got 0 GitHub sessions for read:user,repo,user:email,workflow...
2024-11-20 12:54:23.473 [info] Getting GitHub sessions for read:user,repo,user:email...
2024-11-20 12:54:23.473 [info] Got 0 GitHub sessions for read:user,repo,user:email...
2024-11-20 12:54:23.693 [info] Getting GitHub sessions for read:user,repo,user:email,workflow...
2024-11-20 12:54:23.693 [info] Got 0 GitHub sessions for read:user,repo,user:email,workflow...
