2024-11-22 01:27:56.214 [info] Log level: Info
2024-11-22 01:27:56.292 [info] VSCODE_MACHINE_ID: 36b0480c-ad50-4189-aa31-f48c5bb67b78
2024-11-22 01:27:56.292 [info] VSCODE_SESSION_ID: 08cbddb7-29d8-4f96-82bd-4099f2085c781732238871589
2024-11-22 01:27:56.292 [info] VSCODE_VERSION: 1.95.3
2024-11-22 01:27:56.292 [info] VSCODE_APP_NAME: Gitpod Code
2024-11-22 01:27:56.292 [info] VSCODE_APP_HOST: Gitpod
2024-11-22 01:27:56.292 [info] VSCODE_UI_KIND: web
2024-11-22 01:27:56.292 [info] GITPOD_WORKSPACE_CONTEXT_URL: https://github.com/MMaaser/MMaaser.github.io
2024-11-22 01:27:56.292 [info] GITPOD_INSTANCE_ID: 97250c2f-9e28-4a30-9c62-24a4869c093a
2024-11-22 01:27:56.292 [info] GITPOD_WORKSPACE_URL: https://mmaaser-mmaasergithubio-bf7ivegmcn6.ws-us116.gitpod.io
2024-11-22 01:27:56.301 [info] Gitpod Web 7ff72a2
2024-11-22 01:27:56.301 [info] Reading sessions from keychain...
2024-11-22 01:27:57.129 [info] Getting sessions for all scopes...
2024-11-22 01:27:57.129 [info] Getting sessions for all scopes...
2024-11-22 01:27:57.129 [info] Getting sessions for function:accessCodeSyncStorage...
2024-11-22 01:27:57.129 [info] Getting GitHub sessions for all scopes...
2024-11-22 01:27:57.129 [info] Getting sessions for function:accessCodeSyncStorage...
2024-11-22 01:27:57.129 [info] Getting sessions for function:accessCodeSyncStorage...
2024-11-22 01:27:57.129 [info] Getting sessions for function:accessCodeSyncStorage...
2024-11-22 01:27:57.129 [info] Got 1 GitHub sessions for all scopes...
2024-11-22 01:27:57.130 [info] Got stored sessions!
2024-11-22 01:27:57.130 [info] Verified session with the following scopes: function:accessCodeSyncStorage function:closePort function:controlAdmission function:deleteEnvVar function:generateNewGitpodToken function:getDefaultWorkspaceImage function:getGitpodTokenScopes function:getIDToken function:getLoggedInUser function:getOpenPorts function:getSupportedWorkspaceClasses function:getTeams function:getToken function:getWorkspace function:getWorkspaceEnvVars function:getWorkspaceOwner function:getWorkspaceTimeout function:getWorkspaceUsers function:guessGitTokenScopes function:isWorkspaceOwner function:openPort function:sendHeartBeat function:setEnvVar function:setWorkspaceTimeout function:stopWorkspace function:takeSnapshot function:trackEvent function:updateGitStatus function:waitForSnapshot resource:contentBlob::*::create/get resource:envVar::*/**::update resource:envVar::*/*::update resource:envVar::MMaaser/MMaaser.github.io::create/get/update/delete resource:gitpodToken::*::create resource:snapshot::ws-mmaaser-mmaasergithubio-bf7ivegmcn6::create resource:token::*::get resource:userStorage::*::create/get/update resource:workspace::mmaaser-mmaasergithubio-bf7ivegmcn6::get/update resource:workspaceInstance::97250c2f-9e28-4a30-9c62-24a4869c093a::get/update/delete
2024-11-22 01:27:57.132 [info] Got 1 verified sessions.
2024-11-22 01:27:57.132 [info] Got 1 sessions for all scopes...
2024-11-22 01:27:57.132 [info] Got 1 sessions for all scopes...
2024-11-22 01:27:57.132 [info] Got 1 sessions for function:accessCodeSyncStorage...
2024-11-22 01:27:57.132 [info] Got 1 sessions for function:accessCodeSyncStorage...
2024-11-22 01:27:57.132 [info] Got 1 sessions for function:accessCodeSyncStorage...
2024-11-22 01:27:57.132 [info] Got 1 sessions for function:accessCodeSyncStorage...
2024-11-22 01:27:57.442 [info] Getting GitHub sessions for all scopes...
2024-11-22 01:27:57.442 [info] Getting GitHub sessions for all scopes...
2024-11-22 01:27:57.442 [info] Getting sessions for all scopes...
2024-11-22 01:27:57.443 [info] Got 1 GitHub sessions for all scopes...
2024-11-22 01:27:57.443 [info] Got 1 GitHub sessions for all scopes...
2024-11-22 01:27:57.443 [info] Got 1 sessions for all scopes...
2024-11-22 01:27:57.622 [info] Getting GitHub sessions for read:user,repo,user:email,workflow...
2024-11-22 01:27:57.622 [info] Got 0 GitHub sessions for read:user,repo,user:email,workflow...
2024-11-22 01:27:58.021 [info] Getting GitHub sessions for project,read:org,read:user,repo,user:email,workflow...
2024-11-22 01:27:58.021 [info] Got 0 GitHub sessions for project,read:org,read:user,repo,user:email,workflow...
2024-11-22 01:27:58.401 [info] Getting GitHub sessions for read:user,repo,user:email,workflow...
2024-11-22 01:27:58.401 [info] Got 0 GitHub sessions for read:user,repo,user:email,workflow...
2024-11-22 01:27:58.755 [info] Getting GitHub sessions for read:user,repo,user:email...
2024-11-22 01:27:58.755 [info] Got 0 GitHub sessions for read:user,repo,user:email...
2024-11-22 01:27:59.090 [info] Getting GitHub sessions for read:user,repo,user:email,workflow...
2024-11-22 01:27:59.090 [info] Got 0 GitHub sessions for read:user,repo,user:email,workflow...
