2024-11-21 12:54:29.106 [info] Log level: Info
2024-11-21 12:54:29.122 [info] VSCODE_MACHINE_ID: 36b0480c-ad50-4189-aa31-f48c5bb67b78
2024-11-21 12:54:29.122 [info] VSCODE_SESSION_ID: d9ae0644-85fa-4af0-a601-e6d9fb1136911732193664657
2024-11-21 12:54:29.122 [info] VSCODE_VERSION: 1.95.3
2024-11-21 12:54:29.122 [info] VSCODE_APP_NAME: Gitpod Code
2024-11-21 12:54:29.122 [info] VSCODE_APP_HOST: Gitpod
2024-11-21 12:54:29.122 [info] VSCODE_UI_KIND: web
2024-11-21 12:54:29.122 [info] GITPOD_WORKSPACE_CONTEXT_URL: https://github.com/MMaaser/MMaaser.github.io
2024-11-21 12:54:29.122 [info] GITPOD_INSTANCE_ID: 41f10331-5f8f-40d6-bc4d-fb3a542d6dbd
2024-11-21 12:54:29.122 [info] GITPOD_WORKSPACE_URL: https://mmaaser-mmaasergithubio-bf7ivegmcn6.ws-us116.gitpod.io
2024-11-21 12:54:29.129 [info] Gitpod Web 7ff72a2
2024-11-21 12:54:29.129 [info] Reading sessions from keychain...
2024-11-21 12:54:30.068 [info] Getting sessions for all scopes...
2024-11-21 12:54:30.068 [info] Getting sessions for all scopes...
2024-11-21 12:54:30.068 [info] Getting sessions for function:accessCodeSyncStorage...
2024-11-21 12:54:30.068 [info] Getting GitHub sessions for all scopes...
2024-11-21 12:54:30.068 [info] Getting sessions for function:accessCodeSyncStorage...
2024-11-21 12:54:30.068 [info] Getting sessions for function:accessCodeSyncStorage...
2024-11-21 12:54:30.068 [info] Getting sessions for function:accessCodeSyncStorage...
2024-11-21 12:54:30.068 [info] Got 1 GitHub sessions for all scopes...
2024-11-21 12:54:30.069 [info] Got stored sessions!
2024-11-21 12:54:30.069 [info] Verified session with the following scopes: function:accessCodeSyncStorage function:closePort function:controlAdmission function:deleteEnvVar function:generateNewGitpodToken function:getDefaultWorkspaceImage function:getGitpodTokenScopes function:getIDToken function:getLoggedInUser function:getOpenPorts function:getSupportedWorkspaceClasses function:getTeams function:getToken function:getWorkspace function:getWorkspaceEnvVars function:getWorkspaceOwner function:getWorkspaceTimeout function:getWorkspaceUsers function:guessGitTokenScopes function:isWorkspaceOwner function:openPort function:sendHeartBeat function:setEnvVar function:setWorkspaceTimeout function:stopWorkspace function:takeSnapshot function:trackEvent function:updateGitStatus function:waitForSnapshot resource:contentBlob::*::create/get resource:envVar::*/**::update resource:envVar::*/*::update resource:envVar::MMaaser/MMaaser.github.io::create/get/update/delete resource:gitpodToken::*::create resource:snapshot::ws-mmaaser-mmaasergithubio-bf7ivegmcn6::create resource:token::*::get resource:userStorage::*::create/get/update resource:workspace::mmaaser-mmaasergithubio-bf7ivegmcn6::get/update resource:workspaceInstance::41f10331-5f8f-40d6-bc4d-fb3a542d6dbd::get/update/delete
2024-11-21 12:54:30.071 [info] Got 1 verified sessions.
2024-11-21 12:54:30.072 [info] Got 1 sessions for all scopes...
2024-11-21 12:54:30.072 [info] Got 1 sessions for all scopes...
2024-11-21 12:54:30.072 [info] Got 1 sessions for function:accessCodeSyncStorage...
2024-11-21 12:54:30.072 [info] Got 1 sessions for function:accessCodeSyncStorage...
2024-11-21 12:54:30.072 [info] Got 1 sessions for function:accessCodeSyncStorage...
2024-11-21 12:54:30.072 [info] Got 1 sessions for function:accessCodeSyncStorage...
2024-11-21 12:54:30.390 [info] Getting GitHub sessions for all scopes...
2024-11-21 12:54:30.390 [info] Getting GitHub sessions for all scopes...
2024-11-21 12:54:30.390 [info] Getting sessions for all scopes...
2024-11-21 12:54:30.391 [info] Got 1 GitHub sessions for all scopes...
2024-11-21 12:54:30.391 [info] Got 1 GitHub sessions for all scopes...
2024-11-21 12:54:30.391 [info] Got 1 sessions for all scopes...
2024-11-21 12:54:30.445 [info] Getting GitHub sessions for read:user,repo,user:email,workflow...
2024-11-21 12:54:30.445 [info] Got 0 GitHub sessions for read:user,repo,user:email,workflow...
2024-11-21 12:54:30.872 [info] Getting GitHub sessions for project,read:org,read:user,repo,user:email,workflow...
2024-11-21 12:54:30.872 [info] Got 0 GitHub sessions for project,read:org,read:user,repo,user:email,workflow...
2024-11-21 12:54:31.349 [info] Getting GitHub sessions for read:user,repo,user:email,workflow...
2024-11-21 12:54:31.349 [info] Got 0 GitHub sessions for read:user,repo,user:email,workflow...
2024-11-21 12:54:31.590 [info] Getting GitHub sessions for read:user,repo,user:email...
2024-11-21 12:54:31.590 [info] Got 0 GitHub sessions for read:user,repo,user:email...
2024-11-21 12:54:31.871 [info] Getting GitHub sessions for read:user,repo,user:email,workflow...
2024-11-21 12:54:31.871 [info] Got 0 GitHub sessions for read:user,repo,user:email,workflow...
