2024-11-20 00:18:36.890 [info] Log level: Info
2024-11-20 00:18:36.936 [info] VSCODE_MACHINE_ID: 36b0480c-ad50-4189-aa31-f48c5bb67b78
2024-11-20 00:18:36.936 [info] VSCODE_SESSION_ID: 165f1c72-d1f8-472e-bb98-82e4185e935a1732061911116
2024-11-20 00:18:36.936 [info] VSCODE_VERSION: 1.95.3
2024-11-20 00:18:36.936 [info] VSCODE_APP_NAME: Gitpod Code
2024-11-20 00:18:36.936 [info] VSCODE_APP_HOST: Gitpod
2024-11-20 00:18:36.936 [info] VSCODE_UI_KIND: web
2024-11-20 00:18:36.936 [info] GITPOD_WORKSPACE_CONTEXT_URL: https://github.com/MMaaser/MMaaser.github.io
2024-11-20 00:18:36.936 [info] GITPOD_INSTANCE_ID: fe1b0480-8faf-4c4b-aa45-a596b538ab4d
2024-11-20 00:18:36.936 [info] GITPOD_WORKSPACE_URL: https://mmaaser-mmaasergithubio-bf7ivegmcn6.ws-us116.gitpod.io
2024-11-20 00:18:36.941 [info] Gitpod Web 7ff72a2
2024-11-20 00:18:36.941 [info] Reading sessions from keychain...
2024-11-20 00:18:37.397 [info] Getting sessions for all scopes...
2024-11-20 00:18:37.397 [info] Getting sessions for all scopes...
2024-11-20 00:18:37.397 [info] Getting GitHub sessions for all scopes...
2024-11-20 00:18:37.397 [info] Got 1 GitHub sessions for all scopes...
2024-11-20 00:18:37.398 [info] Got stored sessions!
2024-11-20 00:18:37.398 [info] Verified session with the following scopes: function:accessCodeSyncStorage function:closePort function:controlAdmission function:deleteEnvVar function:generateNewGitpodToken function:getDefaultWorkspaceImage function:getGitpodTokenScopes function:getIDToken function:getLoggedInUser function:getOpenPorts function:getSupportedWorkspaceClasses function:getTeams function:getToken function:getWorkspace function:getWorkspaceEnvVars function:getWorkspaceOwner function:getWorkspaceTimeout function:getWorkspaceUsers function:guessGitTokenScopes function:isWorkspaceOwner function:openPort function:sendHeartBeat function:setEnvVar function:setWorkspaceTimeout function:stopWorkspace function:takeSnapshot function:trackEvent function:updateGitStatus function:waitForSnapshot resource:contentBlob::*::create/get resource:envVar::*/**::update resource:envVar::*/*::update resource:envVar::MMaaser/MMaaser.github.io::create/get/update/delete resource:gitpodToken::*::create resource:snapshot::ws-mmaaser-mmaasergithubio-bf7ivegmcn6::create resource:token::*::get resource:userStorage::*::create/get/update resource:workspace::mmaaser-mmaasergithubio-bf7ivegmcn6::get/update resource:workspaceInstance::fe1b0480-8faf-4c4b-aa45-a596b538ab4d::get/update/delete
2024-11-20 00:18:37.401 [info] Got 1 verified sessions.
2024-11-20 00:18:37.401 [info] Got 1 sessions for all scopes...
2024-11-20 00:18:37.401 [info] Got 1 sessions for all scopes...
2024-11-20 00:18:38.406 [info] Getting GitHub sessions for all scopes...
2024-11-20 00:18:38.406 [info] Getting GitHub sessions for all scopes...
2024-11-20 00:18:38.406 [info] Getting sessions for all scopes...
2024-11-20 00:18:38.406 [info] Got 1 GitHub sessions for all scopes...
2024-11-20 00:18:38.407 [info] Got 1 GitHub sessions for all scopes...
2024-11-20 00:18:38.407 [info] Got 1 sessions for all scopes...
2024-11-20 00:18:38.535 [info] Getting GitHub sessions for read:user,repo,user:email,workflow...
2024-11-20 00:18:38.535 [info] Got 0 GitHub sessions for read:user,repo,user:email,workflow...
2024-11-20 00:18:39.090 [info] Getting GitHub sessions for project,read:org,read:user,repo,user:email,workflow...
2024-11-20 00:18:39.091 [info] Got 0 GitHub sessions for project,read:org,read:user,repo,user:email,workflow...
2024-11-20 00:18:39.211 [info] Getting sessions for function:accessCodeSyncStorage...
2024-11-20 00:18:39.211 [info] Getting sessions for function:accessCodeSyncStorage...
2024-11-20 00:18:39.211 [info] Getting sessions for function:accessCodeSyncStorage...
2024-11-20 00:18:39.217 [info] Got 1 sessions for function:accessCodeSyncStorage...
2024-11-20 00:18:39.217 [info] Got 1 sessions for function:accessCodeSyncStorage...
2024-11-20 00:18:39.217 [info] Got 1 sessions for function:accessCodeSyncStorage...
2024-11-20 00:18:40.120 [info] Getting GitHub sessions for read:user,repo,user:email,workflow...
2024-11-20 00:18:40.120 [info] Got 0 GitHub sessions for read:user,repo,user:email,workflow...
2024-11-20 00:18:40.658 [info] Getting GitHub sessions for read:user,repo,user:email...
2024-11-20 00:18:40.658 [info] Got 0 GitHub sessions for read:user,repo,user:email...
2024-11-20 00:18:41.131 [info] Getting GitHub sessions for read:user,repo,user:email,workflow...
2024-11-20 00:18:41.131 [info] Got 0 GitHub sessions for read:user,repo,user:email,workflow...
2024-11-20 00:18:41.222 [info] Getting sessions for all scopes...
2024-11-20 00:18:41.222 [info] Getting GitHub sessions for all scopes...
2024-11-20 00:18:41.222 [info] Got 1 sessions for all scopes...
2024-11-20 00:18:41.222 [info] Got 1 GitHub sessions for all scopes...
