2024-11-20 01:34:27.832 [info] Log level: Info
2024-11-20 01:34:27.849 [info] VSCODE_MACHINE_ID: 36b0480c-ad50-4189-aa31-f48c5bb67b78
2024-11-20 01:34:27.849 [info] VSCODE_SESSION_ID: cb3330a0-4ff1-4ec0-a782-6cda245adee01732066462867
2024-11-20 01:34:27.849 [info] VSCODE_VERSION: 1.95.3
2024-11-20 01:34:27.850 [info] VSCODE_APP_NAME: Gitpod Code
2024-11-20 01:34:27.850 [info] VSCODE_APP_HOST: Gitpod
2024-11-20 01:34:27.850 [info] VSCODE_UI_KIND: web
2024-11-20 01:34:27.850 [info] GITPOD_WORKSPACE_CONTEXT_URL: https://github.com/MMaaser/MMaaser.github.io
2024-11-20 01:34:27.850 [info] GITPOD_INSTANCE_ID: 6c058b86-28e6-4c03-9be8-375688db47b2
2024-11-20 01:34:27.850 [info] GITPOD_WORKSPACE_URL: https://mmaaser-mmaasergithubio-bf7ivegmcn6.ws-us116.gitpod.io
2024-11-20 01:34:27.856 [info] Gitpod Web 7ff72a2
2024-11-20 01:34:27.856 [info] Reading sessions from keychain...
2024-11-20 01:34:28.627 [info] Getting sessions for all scopes...
2024-11-20 01:34:28.627 [info] Getting sessions for all scopes...
2024-11-20 01:34:28.627 [info] Getting sessions for function:accessCodeSyncStorage...
2024-11-20 01:34:28.627 [info] Getting GitHub sessions for all scopes...
2024-11-20 01:34:28.627 [info] Getting sessions for function:accessCodeSyncStorage...
2024-11-20 01:34:28.627 [info] Getting sessions for function:accessCodeSyncStorage...
2024-11-20 01:34:28.627 [info] Getting sessions for function:accessCodeSyncStorage...
2024-11-20 01:34:28.627 [info] Got 1 GitHub sessions for all scopes...
2024-11-20 01:34:28.627 [info] Got stored sessions!
2024-11-20 01:34:28.628 [info] Verified session with the following scopes: function:accessCodeSyncStorage function:closePort function:controlAdmission function:deleteEnvVar function:generateNewGitpodToken function:getDefaultWorkspaceImage function:getGitpodTokenScopes function:getIDToken function:getLoggedInUser function:getOpenPorts function:getSupportedWorkspaceClasses function:getTeams function:getToken function:getWorkspace function:getWorkspaceEnvVars function:getWorkspaceOwner function:getWorkspaceTimeout function:getWorkspaceUsers function:guessGitTokenScopes function:isWorkspaceOwner function:openPort function:sendHeartBeat function:setEnvVar function:setWorkspaceTimeout function:stopWorkspace function:takeSnapshot function:trackEvent function:updateGitStatus function:waitForSnapshot resource:contentBlob::*::create/get resource:envVar::*/**::update resource:envVar::*/*::update resource:envVar::MMaaser/MMaaser.github.io::create/get/update/delete resource:gitpodToken::*::create resource:snapshot::ws-mmaaser-mmaasergithubio-bf7ivegmcn6::create resource:token::*::get resource:userStorage::*::create/get/update resource:workspace::mmaaser-mmaasergithubio-bf7ivegmcn6::get/update resource:workspaceInstance::6c058b86-28e6-4c03-9be8-375688db47b2::get/update/delete
2024-11-20 01:34:28.630 [info] Got 1 verified sessions.
2024-11-20 01:34:28.630 [info] Got 1 sessions for all scopes...
2024-11-20 01:34:28.630 [info] Got 1 sessions for all scopes...
2024-11-20 01:34:28.630 [info] Got 1 sessions for function:accessCodeSyncStorage...
2024-11-20 01:34:28.630 [info] Got 1 sessions for function:accessCodeSyncStorage...
2024-11-20 01:34:28.630 [info] Got 1 sessions for function:accessCodeSyncStorage...
2024-11-20 01:34:28.630 [info] Got 1 sessions for function:accessCodeSyncStorage...
2024-11-20 01:34:29.162 [info] Getting GitHub sessions for all scopes...
2024-11-20 01:34:29.162 [info] Getting GitHub sessions for all scopes...
2024-11-20 01:34:29.162 [info] Getting sessions for all scopes...
2024-11-20 01:34:29.162 [info] Got 1 GitHub sessions for all scopes...
2024-11-20 01:34:29.162 [info] Got 1 GitHub sessions for all scopes...
2024-11-20 01:34:29.162 [info] Got 1 sessions for all scopes...
2024-11-20 01:34:29.291 [info] Getting GitHub sessions for read:user,repo,user:email,workflow...
2024-11-20 01:34:29.291 [info] Got 0 GitHub sessions for read:user,repo,user:email,workflow...
2024-11-20 01:34:29.556 [info] Getting GitHub sessions for project,read:org,read:user,repo,user:email,workflow...
2024-11-20 01:34:29.556 [info] Got 0 GitHub sessions for project,read:org,read:user,repo,user:email,workflow...
2024-11-20 01:34:30.021 [info] Getting GitHub sessions for read:user,repo,user:email,workflow...
2024-11-20 01:34:30.021 [info] Got 0 GitHub sessions for read:user,repo,user:email,workflow...
2024-11-20 01:34:30.294 [info] Getting GitHub sessions for read:user,repo,user:email...
2024-11-20 01:34:30.294 [info] Got 0 GitHub sessions for read:user,repo,user:email...
2024-11-20 01:34:30.553 [info] Getting GitHub sessions for read:user,repo,user:email,workflow...
2024-11-20 01:34:30.553 [info] Got 0 GitHub sessions for read:user,repo,user:email,workflow...
