2024-11-21 01:28:50.675 [info] [main] Log level: Info
2024-11-21 01:28:50.675 [info] [main] Validating found git in: "git"
2024-11-21 01:28:50.675 [info] [main] Using git "2.46.0" from "git"
2024-11-21 01:28:50.675 [info] [Model][doInitialScan] Initial repository scan started
2024-11-21 01:28:50.675 [info] > git rev-parse --show-toplevel [10ms]
2024-11-21 01:28:50.675 [info] > git rev-parse --git-dir --git-common-dir [109ms]
2024-11-21 01:28:50.675 [info] [Model][openRepository] Opened repository: /workspace/MMaaser.github.io
2024-11-21 01:28:50.675 [info] > git rev-parse --show-toplevel [302ms]
2024-11-21 01:28:50.675 [info] > git config --get commit.template [307ms]
2024-11-21 01:28:50.675 [info] > git rev-parse --show-toplevel [8ms]
2024-11-21 01:28:50.675 [info] > git for-each-ref --format=%(refname)%00%(upstream:short)%00%(objectname)%00%(upstream:track)%00%(upstream:remotename)%00%(upstream:remoteref) refs/heads/main refs/remotes/main [83ms]
2024-11-21 01:28:50.675 [info] > git rev-parse --show-toplevel [11ms]
2024-11-21 01:28:50.675 [warning] [Git][revParse] Unable to read file: ENOENT: no such file or directory, open '/workspace/MMaaser.github.io/.git/refs/remotes/origin/main'
2024-11-21 01:28:50.675 [info] > git rev-parse refs/remotes/origin/main [81ms]
2024-11-21 01:28:50.675 [info] > git status -z -uall [12ms]
2024-11-21 01:28:50.675 [info] > git rev-parse --show-toplevel [94ms]
2024-11-21 01:28:50.675 [info] > git for-each-ref --sort -committerdate --format %(refname) %(objectname) %(*objectname) [91ms]
2024-11-21 01:28:50.675 [info] > git for-each-ref --format=%(refname)%00%(upstream:short)%00%(objectname)%00%(upstream:track)%00%(upstream:remotename)%00%(upstream:remoteref) refs/heads/main refs/remotes/main [96ms]
2024-11-21 01:28:50.675 [info] > git rev-parse --show-toplevel [116ms]
2024-11-21 01:28:50.675 [info] > git config --local branch.main.vscode-merge-base [87ms]
2024-11-21 01:28:50.675 [info] > git config --get commit.template [107ms]
2024-11-21 01:28:50.675 [info] > git rev-parse --show-toplevel [10ms]
2024-11-21 01:28:50.675 [info] > git for-each-ref --format=%(refname)%00%(upstream:short)%00%(objectname)%00%(upstream:track)%00%(upstream:remotename)%00%(upstream:remoteref) refs/heads/origin/main refs/remotes/origin/main [97ms]
2024-11-21 01:28:50.675 [info] > git merge-base refs/heads/main refs/remotes/origin/main [9ms]
2024-11-21 01:28:50.675 [info] > git rev-parse --show-toplevel [106ms]
2024-11-21 01:28:50.675 [info] > git for-each-ref --format=%(refname)%00%(upstream:short)%00%(objectname)%00%(upstream:track)%00%(upstream:remotename)%00%(upstream:remoteref) refs/heads/main refs/remotes/main [114ms]
2024-11-21 01:28:50.686 [warning] [Git][revParse] Unable to read file: ENOENT: no such file or directory, open '/workspace/MMaaser.github.io/.git/refs/remotes/origin/main'
2024-11-21 01:28:50.686 [info] > git diff --name-status -z --diff-filter=ADMR 799a6d0026c5692e82c89eb44abfaf49b6a45d84...refs/remotes/origin/main [12ms]
2024-11-21 01:28:50.691 [info] > git rev-parse --show-toplevel [10ms]
2024-11-21 01:28:50.691 [info] [Model][doInitialScan] Initial repository scan completed - repositories (1), closed repositories (0), parent repositories (0), unsafe repositories (0)
2024-11-21 01:28:50.692 [info] > git rev-parse refs/remotes/origin/main [7ms]
2024-11-21 01:28:50.767 [info] > git status -z -uall [6ms]
2024-11-21 01:28:50.772 [info] > git for-each-ref --sort -committerdate --format %(refname) %(objectname) %(*objectname) [5ms]
2024-11-21 01:28:51.391 [info] > git check-ignore -v -z --stdin [4ms]
2024-11-21 01:28:51.574 [info] > git show --textconv :src/scenes/Level.js [5ms]
2024-11-21 01:28:51.575 [info] > git ls-files --stage -- /workspace/MMaaser.github.io/src/scenes/Level.js [2ms]
2024-11-21 01:28:51.582 [info] > git cat-file -s 0b2889a051c78fe5794c91a8e7d8f6a8465b3314 [2ms]
2024-11-21 01:28:53.464 [info] > git config --local branch.main.github-pr-owner-number [4ms]
2024-11-21 01:28:53.464 [warning] [Git][config] git config failed: Failed to execute git
2024-11-21 01:29:32.897 [info] > git config --get commit.template [6ms]
2024-11-21 01:29:32.899 [info] > git for-each-ref --format=%(refname)%00%(upstream:short)%00%(objectname)%00%(upstream:track)%00%(upstream:remotename)%00%(upstream:remoteref) refs/heads/main refs/remotes/main [2ms]
2024-11-21 01:29:32.903 [warning] [Git][revParse] Unable to read file: ENOENT: no such file or directory, open '/workspace/MMaaser.github.io/.git/refs/remotes/origin/main'
2024-11-21 01:29:32.905 [info] > git rev-parse refs/remotes/origin/main [2ms]
2024-11-21 01:29:32.915 [info] > git status -z -uall [5ms]
2024-11-21 01:29:32.917 [info] > git for-each-ref --sort -committerdate --format %(refname) %(objectname) %(*objectname) [2ms]
2024-11-21 01:30:22.750 [info] > git config --get commit.template [6ms]
2024-11-21 01:30:22.752 [info] > git for-each-ref --format=%(refname)%00%(upstream:short)%00%(objectname)%00%(upstream:track)%00%(upstream:remotename)%00%(upstream:remoteref) refs/heads/main refs/remotes/main [3ms]
2024-11-21 01:30:22.757 [warning] [Git][revParse] Unable to read file: ENOENT: no such file or directory, open '/workspace/MMaaser.github.io/.git/refs/remotes/origin/main'
2024-11-21 01:30:22.758 [info] > git rev-parse refs/remotes/origin/main [1ms]
2024-11-21 01:30:22.768 [info] > git status -z -uall [5ms]
2024-11-21 01:30:22.770 [info] > git for-each-ref --sort -committerdate --format %(refname) %(objectname) %(*objectname) [2ms]
2024-11-21 01:30:28.629 [info] > git config --get commit.template [6ms]
2024-11-21 01:30:28.631 [info] > git for-each-ref --format=%(refname)%00%(upstream:short)%00%(objectname)%00%(upstream:track)%00%(upstream:remotename)%00%(upstream:remoteref) refs/heads/main refs/remotes/main [2ms]
2024-11-21 01:30:28.635 [warning] [Git][revParse] Unable to read file: ENOENT: no such file or directory, open '/workspace/MMaaser.github.io/.git/refs/remotes/origin/main'
2024-11-21 01:30:28.637 [info] > git rev-parse refs/remotes/origin/main [2ms]
2024-11-21 01:30:28.647 [info] > git status -z -uall [5ms]
2024-11-21 01:30:28.648 [info] > git for-each-ref --sort -committerdate --format %(refname) %(objectname) %(*objectname) [2ms]
2024-11-21 01:31:50.400 [info] > git config --get commit.template [6ms]
2024-11-21 01:31:50.402 [info] > git for-each-ref --format=%(refname)%00%(upstream:short)%00%(objectname)%00%(upstream:track)%00%(upstream:remotename)%00%(upstream:remoteref) refs/heads/main refs/remotes/main [3ms]
2024-11-21 01:31:50.406 [warning] [Git][revParse] Unable to read file: ENOENT: no such file or directory, open '/workspace/MMaaser.github.io/.git/refs/remotes/origin/main'
2024-11-21 01:31:50.408 [info] > git rev-parse refs/remotes/origin/main [2ms]
2024-11-21 01:31:50.418 [info] > git status -z -uall [6ms]
2024-11-21 01:31:50.419 [info] > git for-each-ref --sort -committerdate --format %(refname) %(objectname) %(*objectname) [2ms]
2024-11-21 01:31:57.996 [info] > git config --get commit.template [5ms]
2024-11-21 01:31:57.998 [info] > git for-each-ref --format=%(refname)%00%(upstream:short)%00%(objectname)%00%(upstream:track)%00%(upstream:remotename)%00%(upstream:remoteref) refs/heads/main refs/remotes/main [3ms]
2024-11-21 01:31:58.002 [warning] [Git][revParse] Unable to read file: ENOENT: no such file or directory, open '/workspace/MMaaser.github.io/.git/refs/remotes/origin/main'
2024-11-21 01:31:58.004 [info] > git rev-parse refs/remotes/origin/main [2ms]
2024-11-21 01:31:58.014 [info] > git status -z -uall [5ms]
2024-11-21 01:31:58.016 [info] > git for-each-ref --sort -committerdate --format %(refname) %(objectname) %(*objectname) [2ms]
2024-11-21 01:34:21.744 [info] > git config --get commit.template [6ms]
2024-11-21 01:34:21.746 [info] > git for-each-ref --format=%(refname)%00%(upstream:short)%00%(objectname)%00%(upstream:track)%00%(upstream:remotename)%00%(upstream:remoteref) refs/heads/main refs/remotes/main [2ms]
2024-11-21 01:34:21.750 [warning] [Git][revParse] Unable to read file: ENOENT: no such file or directory, open '/workspace/MMaaser.github.io/.git/refs/remotes/origin/main'
2024-11-21 01:34:21.752 [info] > git rev-parse refs/remotes/origin/main [2ms]
2024-11-21 01:34:21.761 [info] > git status -z -uall [5ms]
2024-11-21 01:34:21.763 [info] > git for-each-ref --sort -committerdate --format %(refname) %(objectname) %(*objectname) [2ms]
2024-11-21 01:34:28.778 [info] > git config --get commit.template [6ms]
2024-11-21 01:34:28.779 [info] > git for-each-ref --format=%(refname)%00%(upstream:short)%00%(objectname)%00%(upstream:track)%00%(upstream:remotename)%00%(upstream:remoteref) refs/heads/main refs/remotes/main [2ms]
2024-11-21 01:34:28.784 [warning] [Git][revParse] Unable to read file: ENOENT: no such file or directory, open '/workspace/MMaaser.github.io/.git/refs/remotes/origin/main'
2024-11-21 01:34:28.786 [info] > git rev-parse refs/remotes/origin/main [2ms]
2024-11-21 01:34:28.796 [info] > git status -z -uall [6ms]
2024-11-21 01:34:28.798 [info] > git for-each-ref --sort -committerdate --format %(refname) %(objectname) %(*objectname) [2ms]
2024-11-21 01:34:49.930 [info] > git config --get commit.template [7ms]
2024-11-21 01:34:49.931 [info] > git for-each-ref --format=%(refname)%00%(upstream:short)%00%(objectname)%00%(upstream:track)%00%(upstream:remotename)%00%(upstream:remoteref) refs/heads/main refs/remotes/main [2ms]
2024-11-21 01:34:49.936 [warning] [Git][revParse] Unable to read file: ENOENT: no such file or directory, open '/workspace/MMaaser.github.io/.git/refs/remotes/origin/main'
2024-11-21 01:34:49.938 [info] > git rev-parse refs/remotes/origin/main [2ms]
2024-11-21 01:34:49.949 [info] > git status -z -uall [6ms]
2024-11-21 01:34:49.951 [info] > git for-each-ref --sort -committerdate --format %(refname) %(objectname) %(*objectname) [3ms]
2024-11-21 01:34:54.964 [info] > git config --get commit.template [5ms]
2024-11-21 01:34:54.966 [info] > git for-each-ref --format=%(refname)%00%(upstream:short)%00%(objectname)%00%(upstream:track)%00%(upstream:remotename)%00%(upstream:remoteref) refs/heads/main refs/remotes/main [2ms]
2024-11-21 01:34:54.970 [warning] [Git][revParse] Unable to read file: ENOENT: no such file or directory, open '/workspace/MMaaser.github.io/.git/refs/remotes/origin/main'
2024-11-21 01:34:54.971 [info] > git rev-parse refs/remotes/origin/main [1ms]
2024-11-21 01:34:54.980 [info] > git status -z -uall [5ms]
2024-11-21 01:34:54.982 [info] > git for-each-ref --sort -committerdate --format %(refname) %(objectname) %(*objectname) [2ms]
2024-11-21 01:35:01.713 [info] > git config --get commit.template [6ms]
2024-11-21 01:35:01.715 [info] > git for-each-ref --format=%(refname)%00%(upstream:short)%00%(objectname)%00%(upstream:track)%00%(upstream:remotename)%00%(upstream:remoteref) refs/heads/main refs/remotes/main [2ms]
2024-11-21 01:35:01.719 [warning] [Git][revParse] Unable to read file: ENOENT: no such file or directory, open '/workspace/MMaaser.github.io/.git/refs/remotes/origin/main'
2024-11-21 01:35:01.721 [info] > git rev-parse refs/remotes/origin/main [2ms]
2024-11-21 01:35:01.731 [info] > git status -z -uall [5ms]
2024-11-21 01:35:01.733 [info] > git for-each-ref --sort -committerdate --format %(refname) %(objectname) %(*objectname) [3ms]
2024-11-21 01:35:16.157 [info] > git config --get commit.template [5ms]
2024-11-21 01:35:16.159 [info] > git for-each-ref --format=%(refname)%00%(upstream:short)%00%(objectname)%00%(upstream:track)%00%(upstream:remotename)%00%(upstream:remoteref) refs/heads/main refs/remotes/main [2ms]
2024-11-21 01:35:16.164 [warning] [Git][revParse] Unable to read file: ENOENT: no such file or directory, open '/workspace/MMaaser.github.io/.git/refs/remotes/origin/main'
2024-11-21 01:35:16.165 [info] > git rev-parse refs/remotes/origin/main [1ms]
2024-11-21 01:35:16.175 [info] > git status -z -uall [5ms]
2024-11-21 01:35:16.177 [info] > git for-each-ref --sort -committerdate --format %(refname) %(objectname) %(*objectname) [2ms]
2024-11-21 01:35:24.395 [info] > git config --get commit.template [6ms]
2024-11-21 01:35:24.396 [info] > git for-each-ref --format=%(refname)%00%(upstream:short)%00%(objectname)%00%(upstream:track)%00%(upstream:remotename)%00%(upstream:remoteref) refs/heads/main refs/remotes/main [2ms]
2024-11-21 01:35:24.401 [warning] [Git][revParse] Unable to read file: ENOENT: no such file or directory, open '/workspace/MMaaser.github.io/.git/refs/remotes/origin/main'
2024-11-21 01:35:24.403 [info] > git rev-parse refs/remotes/origin/main [2ms]
2024-11-21 01:35:24.413 [info] > git status -z -uall [5ms]
2024-11-21 01:35:24.415 [info] > git for-each-ref --sort -committerdate --format %(refname) %(objectname) %(*objectname) [2ms]
2024-11-21 01:43:13.848 [info] > git config --get commit.template [6ms]
2024-11-21 01:43:13.850 [info] > git for-each-ref --format=%(refname)%00%(upstream:short)%00%(objectname)%00%(upstream:track)%00%(upstream:remotename)%00%(upstream:remoteref) refs/heads/main refs/remotes/main [2ms]
2024-11-21 01:43:13.855 [warning] [Git][revParse] Unable to read file: ENOENT: no such file or directory, open '/workspace/MMaaser.github.io/.git/refs/remotes/origin/main'
2024-11-21 01:43:13.857 [info] > git rev-parse refs/remotes/origin/main [2ms]
2024-11-21 01:43:13.871 [info] > git status -z -uall [8ms]
2024-11-21 01:43:13.873 [info] > git for-each-ref --sort -committerdate --format %(refname) %(objectname) %(*objectname) [3ms]
2024-11-21 01:43:18.888 [info] > git config --get commit.template [6ms]
2024-11-21 01:43:18.890 [info] > git for-each-ref --format=%(refname)%00%(upstream:short)%00%(objectname)%00%(upstream:track)%00%(upstream:remotename)%00%(upstream:remoteref) refs/heads/main refs/remotes/main [2ms]
2024-11-21 01:43:18.896 [warning] [Git][revParse] Unable to read file: ENOENT: no such file or directory, open '/workspace/MMaaser.github.io/.git/refs/remotes/origin/main'
2024-11-21 01:43:18.898 [info] > git rev-parse refs/remotes/origin/main [2ms]
2024-11-21 01:43:18.913 [info] > git status -z -uall [8ms]
2024-11-21 01:43:18.915 [info] > git for-each-ref --sort -committerdate --format %(refname) %(objectname) %(*objectname) [3ms]
2024-11-21 01:43:23.933 [info] > git config --get commit.template [7ms]
2024-11-21 01:43:23.935 [info] > git for-each-ref --format=%(refname)%00%(upstream:short)%00%(objectname)%00%(upstream:track)%00%(upstream:remotename)%00%(upstream:remoteref) refs/heads/main refs/remotes/main [2ms]
2024-11-21 01:43:23.940 [warning] [Git][revParse] Unable to read file: ENOENT: no such file or directory, open '/workspace/MMaaser.github.io/.git/refs/remotes/origin/main'
2024-11-21 01:43:23.942 [info] > git rev-parse refs/remotes/origin/main [2ms]
2024-11-21 01:43:23.952 [info] > git status -z -uall [5ms]
2024-11-21 01:43:23.953 [info] > git for-each-ref --sort -committerdate --format %(refname) %(objectname) %(*objectname) [1ms]
2024-11-21 01:43:28.970 [info] > git config --get commit.template [8ms]
2024-11-21 01:43:28.972 [info] > git for-each-ref --format=%(refname)%00%(upstream:short)%00%(objectname)%00%(upstream:track)%00%(upstream:remotename)%00%(upstream:remoteref) refs/heads/main refs/remotes/main [3ms]
2024-11-21 01:43:28.978 [warning] [Git][revParse] Unable to read file: ENOENT: no such file or directory, open '/workspace/MMaaser.github.io/.git/refs/remotes/origin/main'
2024-11-21 01:43:28.980 [info] > git rev-parse refs/remotes/origin/main [2ms]
2024-11-21 01:43:28.995 [info] > git status -z -uall [8ms]
2024-11-21 01:43:28.996 [info] > git for-each-ref --sort -committerdate --format %(refname) %(objectname) %(*objectname) [3ms]
2024-11-21 01:43:37.787 [info] > git config --get commit.template [10ms]
2024-11-21 01:43:37.789 [info] > git for-each-ref --format=%(refname)%00%(upstream:short)%00%(objectname)%00%(upstream:track)%00%(upstream:remotename)%00%(upstream:remoteref) refs/heads/main refs/remotes/main [4ms]
2024-11-21 01:43:37.795 [warning] [Git][revParse] Unable to read file: ENOENT: no such file or directory, open '/workspace/MMaaser.github.io/.git/refs/remotes/origin/main'
2024-11-21 01:43:37.797 [info] > git rev-parse refs/remotes/origin/main [2ms]
2024-11-21 01:43:37.807 [info] > git status -z -uall [5ms]
2024-11-21 01:43:37.809 [info] > git for-each-ref --sort -committerdate --format %(refname) %(objectname) %(*objectname) [2ms]
2024-11-21 01:43:50.857 [info] > git config --get commit.template [6ms]
2024-11-21 01:43:50.860 [info] > git for-each-ref --format=%(refname)%00%(upstream:short)%00%(objectname)%00%(upstream:track)%00%(upstream:remotename)%00%(upstream:remoteref) refs/heads/main refs/remotes/main [3ms]
2024-11-21 01:43:50.867 [warning] [Git][revParse] Unable to read file: ENOENT: no such file or directory, open '/workspace/MMaaser.github.io/.git/refs/remotes/origin/main'
2024-11-21 01:43:50.868 [info] > git rev-parse refs/remotes/origin/main [2ms]
2024-11-21 01:43:50.884 [info] > git status -z -uall [9ms]
2024-11-21 01:43:50.884 [info] > git for-each-ref --sort -committerdate --format %(refname) %(objectname) %(*objectname) [2ms]
2024-11-21 01:44:43.852 [info] > git config --get commit.template [6ms]
2024-11-21 01:44:43.854 [info] > git for-each-ref --format=%(refname)%00%(upstream:short)%00%(objectname)%00%(upstream:track)%00%(upstream:remotename)%00%(upstream:remoteref) refs/heads/main refs/remotes/main [3ms]
2024-11-21 01:44:43.858 [warning] [Git][revParse] Unable to read file: ENOENT: no such file or directory, open '/workspace/MMaaser.github.io/.git/refs/remotes/origin/main'
2024-11-21 01:44:43.860 [info] > git rev-parse refs/remotes/origin/main [2ms]
2024-11-21 01:44:43.874 [info] > git status -z -uall [8ms]
2024-11-21 01:44:43.876 [info] > git for-each-ref --sort -committerdate --format %(refname) %(objectname) %(*objectname) [3ms]
2024-11-21 01:44:53.816 [info] > git config --get commit.template [6ms]
2024-11-21 01:44:53.818 [info] > git for-each-ref --format=%(refname)%00%(upstream:short)%00%(objectname)%00%(upstream:track)%00%(upstream:remotename)%00%(upstream:remoteref) refs/heads/main refs/remotes/main [3ms]
2024-11-21 01:44:53.823 [warning] [Git][revParse] Unable to read file: ENOENT: no such file or directory, open '/workspace/MMaaser.github.io/.git/refs/remotes/origin/main'
2024-11-21 01:44:53.825 [info] > git rev-parse refs/remotes/origin/main [2ms]
2024-11-21 01:44:53.835 [info] > git status -z -uall [5ms]
2024-11-21 01:44:53.838 [info] > git for-each-ref --sort -committerdate --format %(refname) %(objectname) %(*objectname) [3ms]
2024-11-21 01:46:09.951 [info] > git config --get commit.template [8ms]
2024-11-21 01:46:09.953 [info] > git for-each-ref --format=%(refname)%00%(upstream:short)%00%(objectname)%00%(upstream:track)%00%(upstream:remotename)%00%(upstream:remoteref) refs/heads/main refs/remotes/main [2ms]
2024-11-21 01:46:09.959 [warning] [Git][revParse] Unable to read file: ENOENT: no such file or directory, open '/workspace/MMaaser.github.io/.git/refs/remotes/origin/main'
2024-11-21 01:46:09.961 [info] > git rev-parse refs/remotes/origin/main [2ms]
2024-11-21 01:46:09.977 [info] > git status -z -uall [8ms]
2024-11-21 01:46:09.979 [info] > git for-each-ref --sort -committerdate --format %(refname) %(objectname) %(*objectname) [3ms]
2024-11-21 01:46:14.995 [info] > git config --get commit.template [6ms]
2024-11-21 01:46:14.997 [info] > git for-each-ref --format=%(refname)%00%(upstream:short)%00%(objectname)%00%(upstream:track)%00%(upstream:remotename)%00%(upstream:remoteref) refs/heads/main refs/remotes/main [3ms]
2024-11-21 01:46:15.004 [warning] [Git][revParse] Unable to read file: ENOENT: no such file or directory, open '/workspace/MMaaser.github.io/.git/refs/remotes/origin/main'
2024-11-21 01:46:15.005 [info] > git rev-parse refs/remotes/origin/main [1ms]
2024-11-21 01:46:15.017 [info] > git status -z -uall [6ms]
2024-11-21 01:46:15.018 [info] > git for-each-ref --sort -committerdate --format %(refname) %(objectname) %(*objectname) [2ms]
2024-11-21 01:46:56.852 [info] > git config --get commit.template [6ms]
2024-11-21 01:46:56.853 [info] > git for-each-ref --format=%(refname)%00%(upstream:short)%00%(objectname)%00%(upstream:track)%00%(upstream:remotename)%00%(upstream:remoteref) refs/heads/main refs/remotes/main [3ms]
2024-11-21 01:46:56.858 [warning] [Git][revParse] Unable to read file: ENOENT: no such file or directory, open '/workspace/MMaaser.github.io/.git/refs/remotes/origin/main'
2024-11-21 01:46:56.860 [info] > git rev-parse refs/remotes/origin/main [2ms]
2024-11-21 01:46:56.879 [info] > git status -z -uall [11ms]
2024-11-21 01:46:56.880 [info] > git for-each-ref --sort -committerdate --format %(refname) %(objectname) %(*objectname) [2ms]
2024-11-21 01:47:01.894 [info] > git config --get commit.template [3ms]
2024-11-21 01:47:01.905 [info] > git for-each-ref --format=%(refname)%00%(upstream:short)%00%(objectname)%00%(upstream:track)%00%(upstream:remotename)%00%(upstream:remoteref) refs/heads/main refs/remotes/main [3ms]
2024-11-21 01:47:01.912 [warning] [Git][revParse] Unable to read file: ENOENT: no such file or directory, open '/workspace/MMaaser.github.io/.git/refs/remotes/origin/main'
2024-11-21 01:47:01.913 [info] > git rev-parse refs/remotes/origin/main [1ms]
2024-11-21 01:47:01.924 [info] > git status -z -uall [6ms]
2024-11-21 01:47:01.925 [info] > git for-each-ref --sort -committerdate --format %(refname) %(objectname) %(*objectname) [2ms]
2024-11-21 01:47:06.941 [info] > git config --get commit.template [7ms]
2024-11-21 01:47:06.942 [info] > git for-each-ref --format=%(refname)%00%(upstream:short)%00%(objectname)%00%(upstream:track)%00%(upstream:remotename)%00%(upstream:remoteref) refs/heads/main refs/remotes/main [2ms]
2024-11-21 01:47:06.948 [warning] [Git][revParse] Unable to read file: ENOENT: no such file or directory, open '/workspace/MMaaser.github.io/.git/refs/remotes/origin/main'
2024-11-21 01:47:06.949 [info] > git rev-parse refs/remotes/origin/main [1ms]
2024-11-21 01:47:06.961 [info] > git status -z -uall [7ms]
2024-11-21 01:47:06.963 [info] > git for-each-ref --sort -committerdate --format %(refname) %(objectname) %(*objectname) [3ms]
2024-11-21 01:47:15.331 [info] > git config --get commit.template [8ms]
2024-11-21 01:47:15.331 [info] > git for-each-ref --format=%(refname)%00%(upstream:short)%00%(objectname)%00%(upstream:track)%00%(upstream:remotename)%00%(upstream:remoteref) refs/heads/main refs/remotes/main [3ms]
2024-11-21 01:47:15.337 [warning] [Git][revParse] Unable to read file: ENOENT: no such file or directory, open '/workspace/MMaaser.github.io/.git/refs/remotes/origin/main'
2024-11-21 01:47:15.339 [info] > git rev-parse refs/remotes/origin/main [2ms]
2024-11-21 01:47:15.351 [info] > git status -z -uall [6ms]
2024-11-21 01:47:15.354 [info] > git for-each-ref --sort -committerdate --format %(refname) %(objectname) %(*objectname) [3ms]
2024-11-21 01:47:20.368 [info] > git config --get commit.template [6ms]
2024-11-21 01:47:20.370 [info] > git for-each-ref --format=%(refname)%00%(upstream:short)%00%(objectname)%00%(upstream:track)%00%(upstream:remotename)%00%(upstream:remoteref) refs/heads/main refs/remotes/main [2ms]
2024-11-21 01:47:20.375 [warning] [Git][revParse] Unable to read file: ENOENT: no such file or directory, open '/workspace/MMaaser.github.io/.git/refs/remotes/origin/main'
2024-11-21 01:47:20.378 [info] > git rev-parse refs/remotes/origin/main [3ms]
2024-11-21 01:47:20.390 [info] > git status -z -uall [7ms]
2024-11-21 01:47:20.392 [info] > git for-each-ref --sort -committerdate --format %(refname) %(objectname) %(*objectname) [3ms]
2024-11-21 01:51:04.068 [info] > git config --get commit.template [10ms]
2024-11-21 01:51:04.072 [info] > git for-each-ref --format=%(refname)%00%(upstream:short)%00%(objectname)%00%(upstream:track)%00%(upstream:remotename)%00%(upstream:remoteref) refs/heads/main refs/remotes/main [4ms]
2024-11-21 01:51:04.080 [warning] [Git][revParse] Unable to read file: ENOENT: no such file or directory, open '/workspace/MMaaser.github.io/.git/refs/remotes/origin/main'
2024-11-21 01:51:04.083 [info] > git rev-parse refs/remotes/origin/main [3ms]
2024-11-21 01:51:04.097 [info] > git status -z -uall [8ms]
2024-11-21 01:51:04.100 [info] > git for-each-ref --sort -committerdate --format %(refname) %(objectname) %(*objectname) [4ms]
2024-11-21 01:52:46.772 [info] > git config --get commit.template [5ms]
2024-11-21 01:52:46.774 [info] > git for-each-ref --format=%(refname)%00%(upstream:short)%00%(objectname)%00%(upstream:track)%00%(upstream:remotename)%00%(upstream:remoteref) refs/heads/main refs/remotes/main [3ms]
2024-11-21 01:52:46.778 [warning] [Git][revParse] Unable to read file: ENOENT: no such file or directory, open '/workspace/MMaaser.github.io/.git/refs/remotes/origin/main'
2024-11-21 01:52:46.780 [info] > git rev-parse refs/remotes/origin/main [2ms]
2024-11-21 01:52:46.790 [info] > git status -z -uall [5ms]
2024-11-21 01:52:46.792 [info] > git for-each-ref --sort -committerdate --format %(refname) %(objectname) %(*objectname) [2ms]
2024-11-21 01:52:54.891 [info] > git config --get commit.template [6ms]
2024-11-21 01:52:54.892 [info] > git for-each-ref --format=%(refname)%00%(upstream:short)%00%(objectname)%00%(upstream:track)%00%(upstream:remotename)%00%(upstream:remoteref) refs/heads/main refs/remotes/main [2ms]
2024-11-21 01:52:54.897 [warning] [Git][revParse] Unable to read file: ENOENT: no such file or directory, open '/workspace/MMaaser.github.io/.git/refs/remotes/origin/main'
2024-11-21 01:52:54.899 [info] > git rev-parse refs/remotes/origin/main [1ms]
2024-11-21 01:52:54.908 [info] > git status -z -uall [5ms]
2024-11-21 01:52:54.909 [info] > git for-each-ref --sort -committerdate --format %(refname) %(objectname) %(*objectname) [2ms]
2024-11-21 01:54:14.515 [info] > git config --get commit.template [6ms]
2024-11-21 01:54:14.517 [info] > git for-each-ref --format=%(refname)%00%(upstream:short)%00%(objectname)%00%(upstream:track)%00%(upstream:remotename)%00%(upstream:remoteref) refs/heads/main refs/remotes/main [3ms]
2024-11-21 01:54:14.523 [warning] [Git][revParse] Unable to read file: ENOENT: no such file or directory, open '/workspace/MMaaser.github.io/.git/refs/remotes/origin/main'
2024-11-21 01:54:14.524 [info] > git rev-parse refs/remotes/origin/main [2ms]
2024-11-21 01:54:14.537 [info] > git status -z -uall [7ms]
2024-11-21 01:54:14.538 [info] > git for-each-ref --sort -committerdate --format %(refname) %(objectname) %(*objectname) [2ms]
2024-11-21 01:54:19.552 [info] > git config --get commit.template [5ms]
2024-11-21 01:54:19.554 [info] > git for-each-ref --format=%(refname)%00%(upstream:short)%00%(objectname)%00%(upstream:track)%00%(upstream:remotename)%00%(upstream:remoteref) refs/heads/main refs/remotes/main [2ms]
2024-11-21 01:54:19.558 [warning] [Git][revParse] Unable to read file: ENOENT: no such file or directory, open '/workspace/MMaaser.github.io/.git/refs/remotes/origin/main'
2024-11-21 01:54:19.560 [info] > git rev-parse refs/remotes/origin/main [2ms]
2024-11-21 01:54:19.570 [info] > git status -z -uall [5ms]
2024-11-21 01:54:19.571 [info] > git for-each-ref --sort -committerdate --format %(refname) %(objectname) %(*objectname) [2ms]
2024-11-21 01:54:24.589 [info] > git config --get commit.template [10ms]
2024-11-21 01:54:24.590 [info] > git for-each-ref --format=%(refname)%00%(upstream:short)%00%(objectname)%00%(upstream:track)%00%(upstream:remotename)%00%(upstream:remoteref) refs/heads/main refs/remotes/main [5ms]
2024-11-21 01:54:24.596 [warning] [Git][revParse] Unable to read file: ENOENT: no such file or directory, open '/workspace/MMaaser.github.io/.git/refs/remotes/origin/main'
2024-11-21 01:54:24.598 [info] > git rev-parse refs/remotes/origin/main [2ms]
2024-11-21 01:54:24.660 [info] > git status -z -uall [56ms]
2024-11-21 01:54:24.662 [info] > git for-each-ref --sort -committerdate --format %(refname) %(objectname) %(*objectname) [2ms]
2024-11-21 01:54:29.673 [info] > git config --get commit.template [5ms]
2024-11-21 01:54:29.675 [info] > git for-each-ref --format=%(refname)%00%(upstream:short)%00%(objectname)%00%(upstream:track)%00%(upstream:remotename)%00%(upstream:remoteref) refs/heads/main refs/remotes/main [2ms]
2024-11-21 01:54:29.681 [warning] [Git][revParse] Unable to read file: ENOENT: no such file or directory, open '/workspace/MMaaser.github.io/.git/refs/remotes/origin/main'
2024-11-21 01:54:29.682 [info] > git rev-parse refs/remotes/origin/main [2ms]
2024-11-21 01:54:29.693 [info] > git status -z -uall [6ms]
2024-11-21 01:54:29.695 [info] > git for-each-ref --sort -committerdate --format %(refname) %(objectname) %(*objectname) [1ms]
2024-11-21 01:54:38.735 [info] > git config --get commit.template [5ms]
2024-11-21 01:54:38.736 [info] > git for-each-ref --format=%(refname)%00%(upstream:short)%00%(objectname)%00%(upstream:track)%00%(upstream:remotename)%00%(upstream:remoteref) refs/heads/main refs/remotes/main [2ms]
2024-11-21 01:54:38.741 [warning] [Git][revParse] Unable to read file: ENOENT: no such file or directory, open '/workspace/MMaaser.github.io/.git/refs/remotes/origin/main'
2024-11-21 01:54:38.742 [info] > git rev-parse refs/remotes/origin/main [1ms]
2024-11-21 01:54:38.751 [info] > git status -z -uall [5ms]
2024-11-21 01:54:38.753 [info] > git for-each-ref --sort -committerdate --format %(refname) %(objectname) %(*objectname) [2ms]
2024-11-21 02:01:45.641 [info] > git config --get commit.template [9ms]
2024-11-21 02:01:45.643 [info] > git for-each-ref --format=%(refname)%00%(upstream:short)%00%(objectname)%00%(upstream:track)%00%(upstream:remotename)%00%(upstream:remoteref) refs/heads/main refs/remotes/main [3ms]
2024-11-21 02:01:45.651 [warning] [Git][revParse] Unable to read file: ENOENT: no such file or directory, open '/workspace/MMaaser.github.io/.git/refs/remotes/origin/main'
2024-11-21 02:01:45.653 [info] > git rev-parse refs/remotes/origin/main [2ms]
2024-11-21 02:01:45.668 [info] > git status -z -uall [8ms]
2024-11-21 02:01:45.670 [info] > git for-each-ref --sort -committerdate --format %(refname) %(objectname) %(*objectname) [3ms]
2024-11-21 02:02:10.607 [info] > git config --get commit.template [6ms]
2024-11-21 02:02:10.609 [info] > git for-each-ref --format=%(refname)%00%(upstream:short)%00%(objectname)%00%(upstream:track)%00%(upstream:remotename)%00%(upstream:remoteref) refs/heads/main refs/remotes/main [2ms]
2024-11-21 02:02:10.614 [warning] [Git][revParse] Unable to read file: ENOENT: no such file or directory, open '/workspace/MMaaser.github.io/.git/refs/remotes/origin/main'
2024-11-21 02:02:10.615 [info] > git rev-parse refs/remotes/origin/main [1ms]
2024-11-21 02:02:10.626 [info] > git status -z -uall [6ms]
2024-11-21 02:02:10.627 [info] > git for-each-ref --sort -committerdate --format %(refname) %(objectname) %(*objectname) [2ms]
