2024-11-21 01:28:49.477 [info] Log level: Info
2024-11-21 01:28:49.488 [info] VSCODE_MACHINE_ID: 36b0480c-ad50-4189-aa31-f48c5bb67b78
2024-11-21 01:28:49.488 [info] VSCODE_SESSION_ID: 17109e45-de6d-493d-ae3d-e404b119f5161732152523923
2024-11-21 01:28:49.488 [info] VSCODE_VERSION: 1.95.3
2024-11-21 01:28:49.488 [info] VSCODE_APP_NAME: Gitpod Code
2024-11-21 01:28:49.488 [info] VSCODE_APP_HOST: Gitpod
2024-11-21 01:28:49.488 [info] VSCODE_UI_KIND: web
2024-11-21 01:28:49.488 [info] GITPOD_WORKSPACE_CONTEXT_URL: https://github.com/MMaaser/MMaaser.github.io
2024-11-21 01:28:49.488 [info] GITPOD_INSTANCE_ID: 70ffff9d-1e94-4331-886d-1f7a3625cb2d
2024-11-21 01:28:49.488 [info] GITPOD_WORKSPACE_URL: https://mmaaser-mmaasergithubio-bf7ivegmcn6.ws-us116.gitpod.io
2024-11-21 01:28:49.494 [info] Gitpod Web 7ff72a2
2024-11-21 01:28:49.494 [info] Reading sessions from keychain...
2024-11-21 01:28:50.784 [info] Getting sessions for all scopes...
2024-11-21 01:28:50.784 [info] Getting sessions for all scopes...
2024-11-21 01:28:50.784 [info] Getting GitHub sessions for all scopes...
2024-11-21 01:28:50.784 [info] Getting sessions for function:accessCodeSyncStorage...
2024-11-21 01:28:50.784 [info] Got 1 GitHub sessions for all scopes...
2024-11-21 01:28:50.784 [info] Got stored sessions!
2024-11-21 01:28:50.785 [info] Verified session with the following scopes: function:accessCodeSyncStorage function:closePort function:controlAdmission function:deleteEnvVar function:generateNewGitpodToken function:getDefaultWorkspaceImage function:getGitpodTokenScopes function:getIDToken function:getLoggedInUser function:getOpenPorts function:getSupportedWorkspaceClasses function:getTeams function:getToken function:getWorkspace function:getWorkspaceEnvVars function:getWorkspaceOwner function:getWorkspaceTimeout function:getWorkspaceUsers function:guessGitTokenScopes function:isWorkspaceOwner function:openPort function:sendHeartBeat function:setEnvVar function:setWorkspaceTimeout function:stopWorkspace function:takeSnapshot function:trackEvent function:updateGitStatus function:waitForSnapshot resource:contentBlob::*::create/get resource:envVar::*/**::update resource:envVar::*/*::update resource:envVar::MMaaser/MMaaser.github.io::create/get/update/delete resource:gitpodToken::*::create resource:snapshot::ws-mmaaser-mmaasergithubio-bf7ivegmcn6::create resource:token::*::get resource:userStorage::*::create/get/update resource:workspace::mmaaser-mmaasergithubio-bf7ivegmcn6::get/update resource:workspaceInstance::70ffff9d-1e94-4331-886d-1f7a3625cb2d::get/update/delete
2024-11-21 01:28:50.859 [info] Got 1 verified sessions.
2024-11-21 01:28:50.859 [info] Got 1 sessions for all scopes...
2024-11-21 01:28:50.859 [info] Got 1 sessions for all scopes...
2024-11-21 01:28:50.859 [info] Got 1 sessions for function:accessCodeSyncStorage...
2024-11-21 01:28:51.476 [info] Getting GitHub sessions for all scopes...
2024-11-21 01:28:51.476 [info] Getting GitHub sessions for all scopes...
2024-11-21 01:28:51.476 [info] Getting sessions for all scopes...
2024-11-21 01:28:51.476 [info] Got 1 GitHub sessions for all scopes...
2024-11-21 01:28:51.476 [info] Got 1 GitHub sessions for all scopes...
2024-11-21 01:28:51.476 [info] Got 1 sessions for all scopes...
2024-11-21 01:28:51.660 [info] Getting GitHub sessions for read:user,repo,user:email,workflow...
2024-11-21 01:28:51.660 [info] Got 0 GitHub sessions for read:user,repo,user:email,workflow...
2024-11-21 01:28:51.987 [info] Getting GitHub sessions for project,read:org,read:user,repo,user:email,workflow...
2024-11-21 01:28:51.987 [info] Got 0 GitHub sessions for project,read:org,read:user,repo,user:email,workflow...
2024-11-21 01:28:52.562 [info] Getting GitHub sessions for read:user,repo,user:email,workflow...
2024-11-21 01:28:52.562 [info] Got 0 GitHub sessions for read:user,repo,user:email,workflow...
2024-11-21 01:28:52.929 [info] Getting GitHub sessions for read:user,repo,user:email...
2024-11-21 01:28:52.929 [info] Got 0 GitHub sessions for read:user,repo,user:email...
2024-11-21 01:28:53.219 [info] Getting GitHub sessions for read:user,repo,user:email,workflow...
2024-11-21 01:28:53.220 [info] Got 0 GitHub sessions for read:user,repo,user:email,workflow...
