2024-11-19 19:33:28.798 [info] Log level: Info
2024-11-19 19:33:28.813 [info] VSCODE_MACHINE_ID: 36b0480c-ad50-4189-aa31-f48c5bb67b78
2024-11-19 19:33:28.813 [info] VSCODE_SESSION_ID: f817e69e-ae17-409e-943c-6302bf6de9b01732044804232
2024-11-19 19:33:28.813 [info] VSCODE_VERSION: 1.95.3
2024-11-19 19:33:28.813 [info] VSCODE_APP_NAME: Gitpod Code
2024-11-19 19:33:28.813 [info] VSCODE_APP_HOST: Gitpod
2024-11-19 19:33:28.813 [info] VSCODE_UI_KIND: web
2024-11-19 19:33:28.813 [info] GITPOD_WORKSPACE_CONTEXT_URL: https://github.com/MMaaser/MMaaser.github.io
2024-11-19 19:33:28.813 [info] GITPOD_INSTANCE_ID: 08a47a33-2c66-4500-84e6-c8942fe76fa9
2024-11-19 19:33:28.813 [info] GITPOD_WORKSPACE_URL: https://mmaaser-mmaasergithubio-bf7ivegmcn6.ws-us116.gitpod.io
2024-11-19 19:33:28.819 [info] Gitpod Web 7ff72a2
2024-11-19 19:33:28.819 [info] Reading sessions from keychain...
2024-11-19 19:33:29.793 [info] Getting sessions for all scopes...
2024-11-19 19:33:29.793 [info] Getting sessions for all scopes...
2024-11-19 19:33:29.793 [info] Getting GitHub sessions for all scopes...
2024-11-19 19:33:29.793 [info] Getting sessions for function:accessCodeSyncStorage...
2024-11-19 19:33:29.793 [info] Got 1 GitHub sessions for all scopes...
2024-11-19 19:33:29.794 [info] Got stored sessions!
2024-11-19 19:33:29.794 [info] Verified session with the following scopes: function:accessCodeSyncStorage function:closePort function:controlAdmission function:deleteEnvVar function:generateNewGitpodToken function:getDefaultWorkspaceImage function:getGitpodTokenScopes function:getIDToken function:getLoggedInUser function:getOpenPorts function:getSupportedWorkspaceClasses function:getTeams function:getToken function:getWorkspace function:getWorkspaceEnvVars function:getWorkspaceOwner function:getWorkspaceTimeout function:getWorkspaceUsers function:guessGitTokenScopes function:isWorkspaceOwner function:openPort function:sendHeartBeat function:setEnvVar function:setWorkspaceTimeout function:stopWorkspace function:takeSnapshot function:trackEvent function:updateGitStatus function:waitForSnapshot resource:contentBlob::*::create/get resource:envVar::*/**::update resource:envVar::*/*::update resource:envVar::MMaaser/MMaaser.github.io::create/get/update/delete resource:gitpodToken::*::create resource:snapshot::ws-mmaaser-mmaasergithubio-bf7ivegmcn6::create resource:token::*::get resource:userStorage::*::create/get/update resource:workspace::mmaaser-mmaasergithubio-bf7ivegmcn6::get/update resource:workspaceInstance::08a47a33-2c66-4500-84e6-c8942fe76fa9::get/update/delete
2024-11-19 19:33:29.798 [info] Got 1 verified sessions.
2024-11-19 19:33:29.798 [info] Got 1 sessions for all scopes...
2024-11-19 19:33:29.798 [info] Got 1 sessions for all scopes...
2024-11-19 19:33:29.798 [info] Got 1 sessions for function:accessCodeSyncStorage...
2024-11-19 19:33:30.213 [info] Getting GitHub sessions for all scopes...
2024-11-19 19:33:30.213 [info] Getting GitHub sessions for all scopes...
2024-11-19 19:33:30.213 [info] Getting sessions for all scopes...
2024-11-19 19:33:30.213 [info] Got 1 GitHub sessions for all scopes...
2024-11-19 19:33:30.213 [info] Got 1 GitHub sessions for all scopes...
2024-11-19 19:33:30.213 [info] Got 1 sessions for all scopes...
2024-11-19 19:33:30.380 [info] Getting GitHub sessions for read:user,repo,user:email,workflow...
2024-11-19 19:33:30.380 [info] Got 0 GitHub sessions for read:user,repo,user:email,workflow...
2024-11-19 19:33:30.734 [info] Getting GitHub sessions for project,read:org,read:user,repo,user:email,workflow...
2024-11-19 19:33:30.734 [info] Got 0 GitHub sessions for project,read:org,read:user,repo,user:email,workflow...
2024-11-19 19:33:31.300 [info] Getting GitHub sessions for read:user,repo,user:email,workflow...
2024-11-19 19:33:31.300 [info] Got 0 GitHub sessions for read:user,repo,user:email,workflow...
2024-11-19 19:33:31.599 [info] Getting GitHub sessions for read:user,repo,user:email...
2024-11-19 19:33:31.599 [info] Got 0 GitHub sessions for read:user,repo,user:email...
2024-11-19 19:33:31.906 [info] Getting GitHub sessions for read:user,repo,user:email,workflow...
2024-11-19 19:33:31.906 [info] Got 0 GitHub sessions for read:user,repo,user:email,workflow...
2024-11-19 19:35:15.246 [info] Getting GitHub sessions for read:user,repo,user:email,workflow...
2024-11-19 19:35:15.247 [info] Got 0 GitHub sessions for read:user,repo,user:email,workflow...
2024-11-19 19:35:23.390 [error] GitHub sign in failed:  5 NOT_FOUND: no token available
2024-11-19 19:36:12.213 [info] Getting GitHub sessions for project,read:org,read:user,repo,user:email,workflow...
2024-11-19 19:36:12.213 [info] Got 0 GitHub sessions for project,read:org,read:user,repo,user:email,workflow...
2024-11-19 19:36:12.405 [info] Getting GitHub sessions for read:user,repo,user:email,workflow...
2024-11-19 19:36:12.405 [info] Got 0 GitHub sessions for read:user,repo,user:email,workflow...
2024-11-19 19:36:12.588 [info] Getting GitHub sessions for read:user,repo,user:email...
2024-11-19 19:36:12.589 [info] Got 0 GitHub sessions for read:user,repo,user:email...
2024-11-19 19:36:12.791 [info] Getting GitHub sessions for read:user,repo,user:email,workflow...
2024-11-19 19:36:12.791 [info] Got 0 GitHub sessions for read:user,repo,user:email,workflow...
2024-11-19 19:36:44.147 [error] GitHub sign in failed:  4 DEADLINE_EXCEEDED: Deadline exceeded
2024-11-19 19:36:51.356 [info] Getting GitHub sessions for read:user,repo,user:email,workflow...
2024-11-19 19:36:51.356 [info] Got 0 GitHub sessions for read:user,repo,user:email,workflow...
2024-11-19 19:37:22.949 [error] GitHub sign in failed:  4 DEADLINE_EXCEEDED: Deadline exceeded
